
============================================================
Fetching Kern (bbox +/-0.5 degrees, 2018-2024)
============================================================
Collecting AirNow data from 2018-01-01 to 2024-12-31
Default bbox half-size: 0.25░
Per-county bbox overrides: {'Kern': 0.5}
Fetching AirNow for Kern (bbox ▒0.5░)
Request failed for Kern on 2018-03-06: HTTPSConnectionPool(host='www.airnowapi.org', port=443): Read timed out. (read timeout=60)
Request failed for Kern on 2018-03-07: 504 Server Error: Gateway Time-out for url: https://www.airnowapi.org/aq/data/?startDate=2018-03-07T00&endDate=2018-03-07T23&parameters=PM25&BBOX=-119.2290463828233%2C34.84356120599614%2C-118.2290463828233%2C35.84356120599614&dataType=B&format=application%2Fjson&verbose=1&monitorType=0&includerawconcentrations=1&API_KEY=8DA566C7-96F1-4380-BB24-15EE61D70B9F
Request failed for Kern on 2018-03-08: HTTPSConnectionPool(host='www.airnowapi.org', port=443): Read timed out. (read timeout=60)
Request failed for Kern on 2018-03-09: HTTPSConnectionPool(host='www.airnowapi.org', port=443): Read timed out. (read timeout=60)
Request failed for Kern on 2018-03-11: HTTPSConnectionPool(host='www.airnowapi.org', port=443): Read timed out. (read timeout=60)
Request failed for Kern on 2018-03-12: 502 Server Error: Bad Gateway for url: https://www.airnowapi.org/aq/data/?startDate=2018-03-12T00&endDate=2018-03-12T23&parameters=PM25&BBOX=-119.2290463828233%2C34.84356120599614%2C-118.2290463828233%2C35.84356120599614&dataType=B&format=application%2Fjson&verbose=1&monitorType=0&includerawconcentrations=1&API_KEY=8DA566C7-96F1-4380-BB24-15EE61D70B9F
Request failed for Kern on 2018-03-13: HTTPSConnectionPool(host='www.airnowapi.org', port=443): Read timed out. (read timeout=60)
Request failed for Kern on 2018-03-14: HTTPSConnectionPool(host='www.airnowapi.org', port=443): Read timed out. (read timeout=60)
Request failed for Kern on 2018-03-17: HTTPSConnectionPool(host='www.airnowapi.org', port=443): Read timed out. (read timeout=60)
Request failed for Kern on 2018-03-18: 504 Server Error: Gateway Time-out for url: https://www.airnowapi.org/aq/data/?startDate=2018-03-18T00&endDate=2018-03-18T23&parameters=PM25&BBOX=-119.2290463828233%2C34.84356120599614%2C-118.2290463828233%2C35.84356120599614&dataType=B&format=application%2Fjson&verbose=1&monitorType=0&includerawconcentrations=1&API_KEY=8DA566C7-96F1-4380-BB24-15EE61D70B9F
Request failed for Kern on 2018-03-19: HTTPSConnectionPool(host='www.airnowapi.org', port=443): Read timed out. (read timeout=60)
Request failed for Kern on 2018-03-21: 502 Server Error: Bad Gateway for url: https://www.airnowapi.org/aq/data/?startDate=2018-03-21T00&endDate=2018-03-21T23&parameters=PM25&BBOX=-119.2290463828233%2C34.84356120599614%2C-118.2290463828233%2C35.84356120599614&dataType=B&format=application%2Fjson&verbose=1&monitorType=0&includerawconcentrations=1&API_KEY=8DA566C7-96F1-4380-BB24-15EE61D70B9F
Request failed for Kern on 2018-03-23: HTTPSConnectionPool(host='www.airnowapi.org', port=443): Read timed out. (read timeout=60)
Request failed for Kern on 2018-03-24: 504 Server Error: Gateway Time-out for url: https://www.airnowapi.org/aq/data/?startDate=2018-03-24T00&endDate=2018-03-24T23&parameters=PM25&BBOX=-119.2290463828233%2C34.84356120599614%2C-118.2290463828233%2C35.84356120599614&dataType=B&format=application%2Fjson&verbose=1&monitorType=0&includerawconcentrations=1&API_KEY=8DA566C7-96F1-4380-BB24-15EE61D70B9F
Request failed for Kern on 2018-03-25: 504 Server Error: Gateway Time-out for url: https://www.airnowapi.org/aq/data/?startDate=2018-03-25T00&endDate=2018-03-25T23&parameters=PM25&BBOX=-119.2290463828233%2C34.84356120599614%2C-118.2290463828233%2C35.84356120599614&dataType=B&format=application%2Fjson&verbose=1&monitorType=0&includerawconcentrations=1&API_KEY=8DA566C7-96F1-4380-BB24-15EE61D70B9F
Request failed for Kern on 2018-03-26: HTTPSConnectionPool(host='www.airnowapi.org', port=443): Read timed out. (read timeout=60)
Request failed for Kern on 2018-04-01: HTTPSConnectionPool(host='www.airnowapi.org', port=443): Read timed out. (read timeout=60)
Request failed for Kern on 2018-04-03: HTTPSConnectionPool(host='www.airnowapi.org', port=443): Read timed out. (read timeout=60)
Request failed for Kern on 2018-04-08: HTTPSConnectionPool(host='www.airnowapi.org', port=443): Read timed out. (read timeout=60)
Request failed for Kern on 2018-04-09: HTTPSConnectionPool(host='www.airnowapi.org', port=443): Read timed out. (read timeout=60)
Request failed for Kern on 2018-04-10: 504 Server Error: Gateway Time-out for url: https://www.airnowapi.org/aq/data/?startDate=2018-04-10T00&endDate=2018-04-10T23&parameters=PM25&BBOX=-119.2290463828233%2C34.84356120599614%2C-118.2290463828233%2C35.84356120599614&dataType=B&format=application%2Fjson&verbose=1&monitorType=0&includerawconcentrations=1&API_KEY=8DA566C7-96F1-4380-BB24-15EE61D70B9F
Request failed for Kern on 2018-04-11: 504 Server Error: Gateway Time-out for url: https://www.airnowapi.org/aq/data/?startDate=2018-04-11T00&endDate=2018-04-11T23&parameters=PM25&BBOX=-119.2290463828233%2C34.84356120599614%2C-118.2290463828233%2C35.84356120599614&dataType=B&format=application%2Fjson&verbose=1&monitorType=0&includerawconcentrations=1&API_KEY=8DA566C7-96F1-4380-BB24-15EE61D70B9F
Request failed for Kern on 2018-04-12: HTTPSConnectionPool(host='www.airnowapi.org', port=443): Read timed out. (read timeout=60)
Request failed for Kern on 2018-04-13: HTTPSConnectionPool(host='www.airnowapi.org', port=443): Read timed out. (read timeout=60)
Request failed for Kern on 2018-04-14: 502 Server Error: Bad Gateway for url: https://www.airnowapi.org/aq/data/?startDate=2018-04-14T00&endDate=2018-04-14T23&parameters=PM25&BBOX=-119.2290463828233%2C34.84356120599614%2C-118.2290463828233%2C35.84356120599614&dataType=B&format=application%2Fjson&verbose=1&monitorType=0&includerawconcentrations=1&API_KEY=8DA566C7-96F1-4380-BB24-15EE61D70B9F
Request failed for Kern on 2018-04-16: 502 Server Error: Bad Gateway for url: https://www.airnowapi.org/aq/data/?startDate=2018-04-16T00&endDate=2018-04-16T23&parameters=PM25&BBOX=-119.2290463828233%2C34.84356120599614%2C-118.2290463828233%2C35.84356120599614&dataType=B&format=application%2Fjson&verbose=1&monitorType=0&includerawconcentrations=1&API_KEY=8DA566C7-96F1-4380-BB24-15EE61D70B9F
Request failed for Kern on 2018-04-23: HTTPSConnectionPool(host='www.airnowapi.org', port=443): Read timed out. (read timeout=60)
  Rate limited (429) on attempt 1/5. Waiting 2s ģ
  Rate limited (429) on attempt 2/5. Waiting 4s ģ
  Rate limited (429) on attempt 3/5. Waiting 8s ģ
  Rate limited (429) on attempt 4/5. Waiting 16s ģ
  Rate limited (429) on attempt 5/5. Waiting 32s ģ
  Max retries (5) exceeded for Kern on 2019-09-04. Skipping.
  Rate limited (429) on attempt 1/5. Waiting 2s ģ
  Rate limited (429) on attempt 2/5. Waiting 4s ģ
  Rate limited (429) on attempt 3/5. Waiting 8s ģ
  Rate limited (429) on attempt 4/5. Waiting 16s ģ
  Rate limited (429) on attempt 5/5. Waiting 32s ģ
  Max retries (5) exceeded for Kern on 2019-09-05. Skipping.
  Rate limited (429) on attempt 1/5. Waiting 2s ģ
  Rate limited (429) on attempt 2/5. Waiting 4s ģ
  Rate limited (429) on attempt 3/5. Waiting 8s ģ
  Rate limited (429) on attempt 4/5. Waiting 16s ģ
  Rate limited (429) on attempt 5/5. Waiting 32s ģ
  Max retries (5) exceeded for Kern on 2019-09-06. Skipping.
  Rate limited (429) on attempt 1/5. Waiting 2s ģ
  Rate limited (429) on attempt 2/5. Waiting 4s ģ
  Rate limited (429) on attempt 3/5. Waiting 8s ģ
  Rate limited (429) on attempt 4/5. Waiting 16s ģ
  Rate limited (429) on attempt 5/5. Waiting 32s ģ
  Max retries (5) exceeded for Kern on 2019-09-07. Skipping.
  Rate limited (429) on attempt 1/5. Waiting 2s ģ
  Rate limited (429) on attempt 2/5. Waiting 4s ģ
  Rate limited (429) on attempt 3/5. Waiting 8s ģ
  Rate limited (429) on attempt 4/5. Waiting 16s ģ
  Rate limited (429) on attempt 5/5. Waiting 32s ģ
  Max retries (5) exceeded for Kern on 2019-09-08. Skipping.
  Rate limited (429) on attempt 1/5. Waiting 2s ģ
  Rate limited (429) on attempt 2/5. Waiting 4s ģ
  Rate limited (429) on attempt 3/5. Waiting 8s ģ
  Rate limited (429) on attempt 4/5. Waiting 16s ģ
  Rate limited (429) on attempt 5/5. Waiting 32s ģ
  Max retries (5) exceeded for Kern on 2019-09-09. Skipping.
  Rate limited (429) on attempt 1/5. Waiting 2s ģ
  Rate limited (429) on attempt 2/5. Waiting 4s ģ
  Rate limited (429) on attempt 3/5. Waiting 8s ģ
  Rate limited (429) on attempt 4/5. Waiting 16s ģ
  Rate limited (429) on attempt 5/5. Waiting 32s ģ
  Max retries (5) exceeded for Kern on 2019-09-10. Skipping.
  Rate limited (429) on attempt 1/5. Waiting 2s ģ
  Rate limited (429) on attempt 2/5. Waiting 4s ģ
  Rate limited (429) on attempt 3/5. Waiting 8s ģ
  Rate limited (429) on attempt 4/5. Waiting 16s ģ
  Rate limited (429) on attempt 5/5. Waiting 32s ģ
  Max retries (5) exceeded for Kern on 2019-09-11. Skipping.
  Rate limited (429) on attempt 1/5. Waiting 2s ģ
  Rate limited (429) on attempt 2/5. Waiting 4s ģ
  Rate limited (429) on attempt 3/5. Waiting 8s ģ
  Rate limited (429) on attempt 4/5. Waiting 16s ģ
  Rate limited (429) on attempt 5/5. Waiting 32s ģ
  Max retries (5) exceeded for Kern on 2019-09-12. Skipping.
  Rate limited (429) on attempt 1/5. Waiting 2s ģ
  Rate limited (429) on attempt 2/5. Waiting 4s ģ
  Rate limited (429) on attempt 3/5. Waiting 8s ģ
  Rate limited (429) on attempt 4/5. Waiting 16s ģ
  Rate limited (429) on attempt 5/5. Waiting 32s ģ
  Max retries (5) exceeded for Kern on 2019-09-13. Skipping.
  Rate limited (429) on attempt 1/5. Waiting 2s ģ
  Rate limited (429) on attempt 2/5. Waiting 4s ģ
  Rate limited (429) on attempt 3/5. Waiting 8s ģ
  Rate limited (429) on attempt 4/5. Waiting 16s ģ
  Rate limited (429) on attempt 5/5. Waiting 32s ģ
  Max retries (5) exceeded for Kern on 2019-09-14. Skipping.
  Rate limited (429) on attempt 1/5. Waiting 2s ģ
  Rate limited (429) on attempt 2/5. Waiting 4s ģ
  Rate limited (429) on attempt 3/5. Waiting 8s ģ
  Rate limited (429) on attempt 4/5. Waiting 16s ģ
  Rate limited (429) on attempt 5/5. Waiting 32s ģ
  Max retries (5) exceeded for Kern on 2019-09-15. Skipping.
  Rate limited (429) on attempt 1/5. Waiting 2s ģ
  Rate limited (429) on attempt 2/5. Waiting 4s ģ
  Rate limited (429) on attempt 3/5. Waiting 8s ģ
  Rate limited (429) on attempt 4/5. Waiting 16s ģ
  Rate limited (429) on attempt 5/5. Waiting 32s ģ
  Max retries (5) exceeded for Kern on 2019-09-16. Skipping.
  Rate limited (429) on attempt 1/5. Waiting 2s ģ
  Rate limited (429) on attempt 2/5. Waiting 4s ģ
  Rate limited (429) on attempt 3/5. Waiting 8s ģ
  Rate limited (429) on attempt 4/5. Waiting 16s ģ
  Rate limited (429) on attempt 5/5. Waiting 32s ģ
  Max retries (5) exceeded for Kern on 2019-09-17. Skipping.
  Rate limited (429) on attempt 1/5. Waiting 2s ģ
  Rate limited (429) on attempt 2/5. Waiting 4s ģ
  Rate limited (429) on attempt 3/5. Waiting 8s ģ
  Rate limited (429) on attempt 4/5. Waiting 16s ģ
  Rate limited (429) on attempt 5/5. Waiting 32s ģ
  Max retries (5) exceeded for Kern on 2019-09-18. Skipping.
  Rate limited (429) on attempt 1/5. Waiting 2s ģ
  Rate limited (429) on attempt 2/5. Waiting 4s ģ
  Rate limited (429) on attempt 3/5. Waiting 8s ģ
  Rate limited (429) on attempt 4/5. Waiting 16s ģ
  Rate limited (429) on attempt 5/5. Waiting 32s ģ
  Max retries (5) exceeded for Kern on 2019-09-19. Skipping.
  Rate limited (429) on attempt 1/5. Waiting 2s ģ
  Rate limited (429) on attempt 2/5. Waiting 4s ģ
  Rate limited (429) on attempt 3/5. Waiting 8s ģ
  Rate limited (429) on attempt 4/5. Waiting 16s ģ
  Rate limited (429) on attempt 5/5. Waiting 32s ģ
  Max retries (5) exceeded for Kern on 2019-09-20. Skipping.
  Rate limited (429) on attempt 1/5. Waiting 2s ģ
  Rate limited (429) on attempt 2/5. Waiting 4s ģ
  Rate limited (429) on attempt 3/5. Waiting 8s ģ
Request failed for Kern on 2020-01-30: HTTPSConnectionPool(host='www.airnowapi.org', port=443): Read timed out. (read timeout=60)
Request failed for Kern on 2020-01-31: HTTPSConnectionPool(host='www.airnowapi.org', port=443): Read timed out. (read timeout=60)
Request failed for Kern on 2020-02-01: HTTPSConnectionPool(host='www.airnowapi.org', port=443): Read timed out. (read timeout=60)
Request failed for Kern on 2020-02-02: HTTPSConnectionPool(host='www.airnowapi.org', port=443): Read timed out. (read timeout=60)
Request failed for Kern on 2020-03-01: HTTPSConnectionPool(host='www.airnowapi.org', port=443): Read timed out. (read timeout=60)
Request failed for Kern on 2020-03-02: HTTPSConnectionPool(host='www.airnowapi.org', port=443): Read timed out. (read timeout=60)
  Rate limited (429) on attempt 1/5. Waiting 2s ģ
  Rate limited (429) on attempt 2/5. Waiting 4s ģ
  Rate limited (429) on attempt 3/5. Waiting 8s ģ
  Rate limited (429) on attempt 4/5. Waiting 16s ģ
  Rate limited (429) on attempt 5/5. Waiting 32s ģ
  Max retries (5) exceeded for Kern on 2021-02-02. Skipping.
  Rate limited (429) on attempt 1/5. Waiting 2s ģ
  Rate limited (429) on attempt 2/5. Waiting 4s ģ
  Rate limited (429) on attempt 3/5. Waiting 8s ģ
  Rate limited (429) on attempt 4/5. Waiting 16s ģ
  Rate limited (429) on attempt 5/5. Waiting 32s ģ
  Max retries (5) exceeded for Kern on 2021-02-03. Skipping.
  Rate limited (429) on attempt 1/5. Waiting 2s ģ
  Rate limited (429) on attempt 2/5. Waiting 4s ģ
  Rate limited (429) on attempt 3/5. Waiting 8s ģ
  Rate limited (429) on attempt 4/5. Waiting 16s ģ
  Rate limited (429) on attempt 5/5. Waiting 32s ģ
  Max retries (5) exceeded for Kern on 2021-02-04. Skipping.
  Rate limited (429) on attempt 1/5. Waiting 2s ģ
  Rate limited (429) on attempt 2/5. Waiting 4s ģ
  Rate limited (429) on attempt 3/5. Waiting 8s ģ
  Rate limited (429) on attempt 4/5. Waiting 16s ģ
  Rate limited (429) on attempt 5/5. Waiting 32s ģ
  Max retries (5) exceeded for Kern on 2021-02-05. Skipping.
  Rate limited (429) on attempt 1/5. Waiting 2s ģ
  Rate limited (429) on attempt 2/5. Waiting 4s ģ
  Rate limited (429) on attempt 3/5. Waiting 8s ģ
  Rate limited (429) on attempt 4/5. Waiting 16s ģ
  Rate limited (429) on attempt 5/5. Waiting 32s ģ
  Max retries (5) exceeded for Kern on 2021-02-06. Skipping.
  Rate limited (429) on attempt 1/5. Waiting 2s ģ
  Rate limited (429) on attempt 2/5. Waiting 4s ģ
  Rate limited (429) on attempt 3/5. Waiting 8s ģ
  Rate limited (429) on attempt 4/5. Waiting 16s ģ
  Rate limited (429) on attempt 5/5. Waiting 32s ģ
  Max retries (5) exceeded for Kern on 2021-02-07. Skipping.
  Rate limited (429) on attempt 1/5. Waiting 2s ģ
  Rate limited (429) on attempt 2/5. Waiting 4s ģ
  Rate limited (429) on attempt 3/5. Waiting 8s ģ
  Rate limited (429) on attempt 4/5. Waiting 16s ģ
  Rate limited (429) on attempt 5/5. Waiting 32s ģ
  Max retries (5) exceeded for Kern on 2021-02-08. Skipping.
  Rate limited (429) on attempt 1/5. Waiting 2s ģ
  Rate limited (429) on attempt 2/5. Waiting 4s ģ
  Rate limited (429) on attempt 3/5. Waiting 8s ģ
  Rate limited (429) on attempt 4/5. Waiting 16s ģ
  Rate limited (429) on attempt 5/5. Waiting 32s ģ
  Max retries (5) exceeded for Kern on 2021-02-09. Skipping.
  Rate limited (429) on attempt 1/5. Waiting 2s ģ
  Rate limited (429) on attempt 2/5. Waiting 4s ģ
  Rate limited (429) on attempt 3/5. Waiting 8s ģ
  Rate limited (429) on attempt 4/5. Waiting 16s ģ
  Rate limited (429) on attempt 5/5. Waiting 32s ģ
  Max retries (5) exceeded for Kern on 2021-02-10. Skipping.
  Rate limited (429) on attempt 1/5. Waiting 2s ģ
  Rate limited (429) on attempt 2/5. Waiting 4s ģ
  Rate limited (429) on attempt 3/5. Waiting 8s ģ
  Rate limited (429) on attempt 4/5. Waiting 16s ģ
  Rate limited (429) on attempt 5/5. Waiting 32s ģ
  Max retries (5) exceeded for Kern on 2021-02-11. Skipping.
  Rate limited (429) on attempt 1/5. Waiting 2s ģ
  Rate limited (429) on attempt 2/5. Waiting 4s ģ
  Rate limited (429) on attempt 3/5. Waiting 8s ģ
  Rate limited (429) on attempt 4/5. Waiting 16s ģ
  Rate limited (429) on attempt 5/5. Waiting 32s ģ
  Max retries (5) exceeded for Kern on 2021-02-12. Skipping.
Request failed for Kern on 2021-02-14: HTTPSConnectionPool(host='www.airnowapi.org', port=443): Read timed out. (read timeout=60)
Request failed for Kern on 2021-02-15: HTTPSConnectionPool(host='www.airnowapi.org', port=443): Read timed out. (read timeout=60)
  Rate limited (429) on attempt 1/5. Waiting 2s ģ
  Rate limited (429) on attempt 2/5. Waiting 4s ģ
  Rate limited (429) on attempt 3/5. Waiting 8s ģ
  Rate limited (429) on attempt 4/5. Waiting 16s ģ
  Rate limited (429) on attempt 5/5. Waiting 32s ģ
  Max retries (5) exceeded for Kern on 2022-06-28. Skipping.
  Rate limited (429) on attempt 1/5. Waiting 2s ģ
  Rate limited (429) on attempt 2/5. Waiting 4s ģ
  Rate limited (429) on attempt 3/5. Waiting 8s ģ
  Rate limited (429) on attempt 4/5. Waiting 16s ģ
  Rate limited (429) on attempt 5/5. Waiting 32s ģ
  Max retries (5) exceeded for Kern on 2022-06-29. Skipping.
  Rate limited (429) on attempt 1/5. Waiting 2s ģ
  Rate limited (429) on attempt 2/5. Waiting 4s ģ
  Rate limited (429) on attempt 3/5. Waiting 8s ģ
  Rate limited (429) on attempt 4/5. Waiting 16s ģ
  Rate limited (429) on attempt 5/5. Waiting 32s ģ
  Max retries (5) exceeded for Kern on 2022-06-30. Skipping.
  Rate limited (429) on attempt 1/5. Waiting 2s ģ
  Rate limited (429) on attempt 2/5. Waiting 4s ģ
  Rate limited (429) on attempt 3/5. Waiting 8s ģ
  Rate limited (429) on attempt 4/5. Waiting 16s ģ
  Rate limited (429) on attempt 5/5. Waiting 32s ģ
  Max retries (5) exceeded for Kern on 2022-07-01. Skipping.
  Rate limited (429) on attempt 1/5. Waiting 2s ģ
  Rate limited (429) on attempt 2/5. Waiting 4s ģ
  Rate limited (429) on attempt 3/5. Waiting 8s ģ
  Rate limited (429) on attempt 4/5. Waiting 16s ģ
  Rate limited (429) on attempt 5/5. Waiting 32s ģ
  Max retries (5) exceeded for Kern on 2022-07-02. Skipping.
  Rate limited (429) on attempt 1/5. Waiting 2s ģ
  Rate limited (429) on attempt 2/5. Waiting 4s ģ
  Rate limited (429) on attempt 3/5. Waiting 8s ģ
  Rate limited (429) on attempt 4/5. Waiting 16s ģ
  Rate limited (429) on attempt 5/5. Waiting 32s ģ
  Max retries (5) exceeded for Kern on 2022-07-03. Skipping.
  Rate limited (429) on attempt 1/5. Waiting 2s ģ
  Rate limited (429) on attempt 2/5. Waiting 4s ģ
  Rate limited (429) on attempt 3/5. Waiting 8s ģ
  Rate limited (429) on attempt 4/5. Waiting 16s ģ
  Rate limited (429) on attempt 5/5. Waiting 32s ģ
  Max retries (5) exceeded for Kern on 2022-07-04. Skipping.
  Rate limited (429) on attempt 1/5. Waiting 2s ģ
  Rate limited (429) on attempt 2/5. Waiting 4s ģ
  Rate limited (429) on attempt 3/5. Waiting 8s ģ
  Rate limited (429) on attempt 4/5. Waiting 16s ģ
  Rate limited (429) on attempt 5/5. Waiting 32s ģ
  Max retries (5) exceeded for Kern on 2022-07-05. Skipping.
  Rate limited (429) on attempt 1/5. Waiting 2s ģ
  Rate limited (429) on attempt 2/5. Waiting 4s ģ
  Rate limited (429) on attempt 3/5. Waiting 8s ģ
  Rate limited (429) on attempt 4/5. Waiting 16s ģ
  Rate limited (429) on attempt 5/5. Waiting 32s ģ
  Max retries (5) exceeded for Kern on 2022-07-06. Skipping.
  Rate limited (429) on attempt 1/5. Waiting 2s ģ
  Rate limited (429) on attempt 2/5. Waiting 4s ģ
  Rate limited (429) on attempt 3/5. Waiting 8s ģ
  Rate limited (429) on attempt 4/5. Waiting 16s ģ
  Rate limited (429) on attempt 5/5. Waiting 32s ģ
  Max retries (5) exceeded for Kern on 2022-07-07. Skipping.
  Rate limited (429) on attempt 1/5. Waiting 2s ģ
  Rate limited (429) on attempt 2/5. Waiting 4s ģ
  Rate limited (429) on attempt 3/5. Waiting 8s ģ
  Rate limited (429) on attempt 4/5. Waiting 16s ģ
  Rate limited (429) on attempt 5/5. Waiting 32s ģ
  Max retries (5) exceeded for Kern on 2022-07-08. Skipping.
  Rate limited (429) on attempt 1/5. Waiting 2s ģ
  Rate limited (429) on attempt 2/5. Waiting 4s ģ
  Rate limited (429) on attempt 3/5. Waiting 8s ģ
  Rate limited (429) on attempt 4/5. Waiting 16s ģ
  Rate limited (429) on attempt 5/5. Waiting 32s ģ
  Max retries (5) exceeded for Kern on 2022-07-09. Skipping.
  Rate limited (429) on attempt 1/5. Waiting 2s ģ
  Rate limited (429) on attempt 2/5. Waiting 4s ģ
  Rate limited (429) on attempt 3/5. Waiting 8s ģ
  Rate limited (429) on attempt 4/5. Waiting 16s ģ
  Rate limited (429) on attempt 5/5. Waiting 32s ģ
  Max retries (5) exceeded for Kern on 2022-07-10. Skipping.
  Rate limited (429) on attempt 1/5. Waiting 2s ģ
  Rate limited (429) on attempt 2/5. Waiting 4s ģ
  Rate limited (429) on attempt 3/5. Waiting 8s ģ
  Rate limited (429) on attempt 4/5. Waiting 16s ģ
  Rate limited (429) on attempt 5/5. Waiting 32s ģ
  Max retries (5) exceeded for Kern on 2022-07-11. Skipping.
  Rate limited (429) on attempt 1/5. Waiting 2s ģ
  Rate limited (429) on attempt 2/5. Waiting 4s ģ
  Rate limited (429) on attempt 3/5. Waiting 8s ģ
  Rate limited (429) on attempt 4/5. Waiting 16s ģ
  Rate limited (429) on attempt 5/5. Waiting 32s ģ
  Max retries (5) exceeded for Kern on 2022-07-12. Skipping.
  Rate limited (429) on attempt 1/5. Waiting 2s ģ
  Rate limited (429) on attempt 2/5. Waiting 4s ģ
  Rate limited (429) on attempt 3/5. Waiting 8s ģ
  Rate limited (429) on attempt 4/5. Waiting 16s ģ
Request failed for Kern on 2022-07-13: HTTPSConnectionPool(host='www.airnowapi.org', port=443): Read timed out. (read timeout=60)
Request failed for Kern on 2022-07-16: HTTPSConnectionPool(host='www.airnowapi.org', port=443): Read timed out. (read timeout=60)
  Rate limited (429) on attempt 1/5. Waiting 2s ģ
  Rate limited (429) on attempt 2/5. Waiting 4s ģ
  Rate limited (429) on attempt 3/5. Waiting 8s ģ
  Rate limited (429) on attempt 4/5. Waiting 16s ģ
  Rate limited (429) on attempt 5/5. Waiting 32s ģ
  Max retries (5) exceeded for Kern on 2023-11-25. Skipping.
  Rate limited (429) on attempt 1/5. Waiting 2s ģ
  Rate limited (429) on attempt 2/5. Waiting 4s ģ
  Rate limited (429) on attempt 3/5. Waiting 8s ģ
  Rate limited (429) on attempt 4/5. Waiting 16s ģ
  Rate limited (429) on attempt 5/5. Waiting 32s ģ
  Max retries (5) exceeded for Kern on 2023-11-26. Skipping.
  Rate limited (429) on attempt 1/5. Waiting 2s ģ
  Rate limited (429) on attempt 2/5. Waiting 4s ģ
  Rate limited (429) on attempt 3/5. Waiting 8s ģ
  Rate limited (429) on attempt 4/5. Waiting 16s ģ
  Rate limited (429) on attempt 5/5. Waiting 32s ģ
  Max retries (5) exceeded for Kern on 2023-11-27. Skipping.
  Rate limited (429) on attempt 1/5. Waiting 2s ģ
  Rate limited (429) on attempt 2/5. Waiting 4s ģ
  Rate limited (429) on attempt 3/5. Waiting 8s ģ
  Rate limited (429) on attempt 4/5. Waiting 16s ģ
  Rate limited (429) on attempt 5/5. Waiting 32s ģ
  Max retries (5) exceeded for Kern on 2023-11-28. Skipping.
  Rate limited (429) on attempt 1/5. Waiting 2s ģ
  Rate limited (429) on attempt 2/5. Waiting 4s ģ
  Rate limited (429) on attempt 3/5. Waiting 8s ģ
  Rate limited (429) on attempt 4/5. Waiting 16s ģ
  Rate limited (429) on attempt 5/5. Waiting 32s ģ
  Max retries (5) exceeded for Kern on 2023-11-29. Skipping.
  Rate limited (429) on attempt 1/5. Waiting 2s ģ
  Rate limited (429) on attempt 2/5. Waiting 4s ģ
  Rate limited (429) on attempt 3/5. Waiting 8s ģ
  Rate limited (429) on attempt 4/5. Waiting 16s ģ
  Rate limited (429) on attempt 5/5. Waiting 32s ģ
  Max retries (5) exceeded for Kern on 2023-11-30. Skipping.
  Rate limited (429) on attempt 1/5. Waiting 2s ģ
  Rate limited (429) on attempt 2/5. Waiting 4s ģ
  Rate limited (429) on attempt 3/5. Waiting 8s ģ
  Rate limited (429) on attempt 4/5. Waiting 16s ģ
  Rate limited (429) on attempt 5/5. Waiting 32s ģ
  Max retries (5) exceeded for Kern on 2023-12-01. Skipping.
  Rate limited (429) on attempt 1/5. Waiting 2s ģ
  Rate limited (429) on attempt 2/5. Waiting 4s ģ
  Rate limited (429) on attempt 3/5. Waiting 8s ģ
  Rate limited (429) on attempt 4/5. Waiting 16s ģ
  Rate limited (429) on attempt 5/5. Waiting 32s ģ
  Max retries (5) exceeded for Kern on 2023-12-02. Skipping.
  Rate limited (429) on attempt 1/5. Waiting 2s ģ
  Rate limited (429) on attempt 2/5. Waiting 4s ģ
  Rate limited (429) on attempt 3/5. Waiting 8s ģ
  Rate limited (429) on attempt 4/5. Waiting 16s ģ
  Rate limited (429) on attempt 5/5. Waiting 32s ģ
  Max retries (5) exceeded for Kern on 2023-12-03. Skipping.
  Rate limited (429) on attempt 1/5. Waiting 2s ģ
  Rate limited (429) on attempt 2/5. Waiting 4s ģ
  Rate limited (429) on attempt 3/5. Waiting 8s ģ
  Rate limited (429) on attempt 4/5. Waiting 16s ģ
  Rate limited (429) on attempt 5/5. Waiting 32s ģ
  Max retries (5) exceeded for Kern on 2023-12-04. Skipping.
  Rate limited (429) on attempt 1/5. Waiting 2s ģ
  Rate limited (429) on attempt 2/5. Waiting 4s ģ
  Rate limited (429) on attempt 3/5. Waiting 8s ģ
  Rate limited (429) on attempt 4/5. Waiting 16s ģ
  Rate limited (429) on attempt 5/5. Waiting 32s ģ
  Max retries (5) exceeded for Kern on 2023-12-05. Skipping.
  Rate limited (429) on attempt 1/5. Waiting 2s ģ
  Rate limited (429) on attempt 2/5. Waiting 4s ģ
  Rate limited (429) on attempt 3/5. Waiting 8s ģ
  Rate limited (429) on attempt 4/5. Waiting 16s ģ
  Rate limited (429) on attempt 5/5. Waiting 32s ģ
  Max retries (5) exceeded for Kern on 2023-12-06. Skipping.
  Rate limited (429) on attempt 1/5. Waiting 2s ģ
  Rate limited (429) on attempt 2/5. Waiting 4s ģ
  Rate limited (429) on attempt 3/5. Waiting 8s ģ
  Rate limited (429) on attempt 4/5. Waiting 16s ģ
  Rate limited (429) on attempt 5/5. Waiting 32s ģ
  Max retries (5) exceeded for Kern on 2023-12-07. Skipping.
  Rate limited (429) on attempt 1/5. Waiting 2s ģ
  Rate limited (429) on attempt 2/5. Waiting 4s ģ
  Rate limited (429) on attempt 3/5. Waiting 8s ģ
  Rate limited (429) on attempt 4/5. Waiting 16s ģ
  Rate limited (429) on attempt 5/5. Waiting 32s ģ
  Max retries (5) exceeded for Kern on 2023-12-08. Skipping.
  Rate limited (429) on attempt 1/5. Waiting 2s ģ
  Rate limited (429) on attempt 2/5. Waiting 4s ģ
  Rate limited (429) on attempt 3/5. Waiting 8s ģ
  Rate limited (429) on attempt 4/5. Waiting 16s ģ
  Rate limited (429) on attempt 5/5. Waiting 32s ģ
  Max retries (5) exceeded for Kern on 2023-12-09. Skipping.
  Rate limited (429) on attempt 1/5. Waiting 2s ģ
  Rate limited (429) on attempt 2/5. Waiting 4s ģ
  Rate limited (429) on attempt 3/5. Waiting 8s ģ
  Rate limited (429) on attempt 4/5. Waiting 16s ģ
  Rate limited (429) on attempt 5/5. Waiting 32s ģ
  Max retries (5) exceeded for Kern on 2023-12-10. Skipping.
  Rate limited (429) on attempt 1/5. Waiting 2s ģ
  Rate limited (429) on attempt 2/5. Waiting 4s ģ
  Rate limited (429) on attempt 3/5. Waiting 8s ģ
  Rate limited (429) on attempt 4/5. Waiting 16s ģ
  Rate limited (429) on attempt 5/5. Waiting 32s ģ
  Max retries (5) exceeded for Kern on 2023-12-11. Skipping.
  Rate limited (429) on attempt 1/5. Waiting 2s ģ
  Rate limited (429) on attempt 2/5. Waiting 4s ģ
  Rate limited (429) on attempt 3/5. Waiting 8s ģ
  Rate limited (429) on attempt 4/5. Waiting 16s ģ
  Rate limited (429) on attempt 5/5. Waiting 32s ģ
  Max retries (5) exceeded for Kern on 2023-12-12. Skipping.
  Rate limited (429) on attempt 1/5. Waiting 2s ģ
  Rate limited (429) on attempt 2/5. Waiting 4s ģ
  Rate limited (429) on attempt 3/5. Waiting 8s ģ
  Rate limited (429) on attempt 4/5. Waiting 16s ģ
  Rate limited (429) on attempt 5/5. Waiting 32s ģ
  Max retries (5) exceeded for Kern on 2023-12-13. Skipping.
  Rate limited (429) on attempt 1/5. Waiting 2s ģ
  Rate limited (429) on attempt 2/5. Waiting 4s ģ
  Rate limited (429) on attempt 3/5. Waiting 8s ģ
Request failed for Kern on 2023-12-14: HTTPSConnectionPool(host='www.airnowapi.org', port=443): Read timed out. (read timeout=60)
Appended 100065 new records to 467305 existing records.
Wrote raw AirNow records: C:\Users\rudyk\Downloads\PredictionAP\PredictionAP\data\raw\air\airnow_records_raw.csv
Wrote county daily air data: C:\Users\rudyk\Downloads\PredictionAP\PredictionAP\data\processed\air\county_air_daily.csv
Daily rows: 11862

============================================================
Fetching Madera (bbox +/-0.5 degrees, 2018-2024)
============================================================
Collecting AirNow data from 2018-01-01 to 2024-12-31
Default bbox half-size: 0.25░
Per-county bbox overrides: {'Madera': 0.5}
Fetching AirNow for Madera (bbox ▒0.5░)
  Rate limited (429) on attempt 1/5. Waiting 2s ģ
  Rate limited (429) on attempt 2/5. Waiting 4s ģ
  Rate limited (429) on attempt 3/5. Waiting 8s ģ
  Rate limited (429) on attempt 4/5. Waiting 16s ģ
Request failed for Madera on 2018-04-27: HTTPSConnectionPool(host='www.airnowapi.org', port=443): Max retries exceeded with url: /aq/data/?startDate=2018-04-27T00&endDate=2018-04-27T23&parameters=PM25&BBOX=-120.26472595272377%2C36.71782981756664%2C-119.26472595272377%2C37.71782981756664&dataType=B&format=application%2Fjson&verbose=1&monitorType=0&includerawconcentrations=1&API_KEY=8DA566C7-96F1-4380-BB24-15EE61D70B9F (Caused by NameResolutionError("<urllib3.connection.HTTPSConnection object at 0x0000013A9CBCB9D0>: Failed to resolve 'www.airnowapi.org' ([Errno 11001] getaddrinfo failed)"))
  Rate limited (429) on attempt 1/5. Waiting 2s ģ
  Rate limited (429) on attempt 2/5. Waiting 4s ģ
  Rate limited (429) on attempt 3/5. Waiting 8s ģ
  Rate limited (429) on attempt 4/5. Waiting 16s ģ
  Rate limited (429) on attempt 5/5. Waiting 32s ģ
  Max retries (5) exceeded for Madera on 2018-04-28. Skipping.
  Rate limited (429) on attempt 1/5. Waiting 2s ģ
  Rate limited (429) on attempt 2/5. Waiting 4s ģ
  Rate limited (429) on attempt 3/5. Waiting 8s ģ
  Rate limited (429) on attempt 4/5. Waiting 16s ģ
  Rate limited (429) on attempt 5/5. Waiting 32s ģ
  Max retries (5) exceeded for Madera on 2018-04-29. Skipping.
  Rate limited (429) on attempt 1/5. Waiting 2s ģ
  Rate limited (429) on attempt 2/5. Waiting 4s ģ
  Rate limited (429) on attempt 3/5. Waiting 8s ģ
  Rate limited (429) on attempt 4/5. Waiting 16s ģ
  Rate limited (429) on attempt 5/5. Waiting 32s ģ
  Max retries (5) exceeded for Madera on 2018-04-30. Skipping.
  Rate limited (429) on attempt 1/5. Waiting 2s ģ
  Rate limited (429) on attempt 2/5. Waiting 4s ģ
  Rate limited (429) on attempt 3/5. Waiting 8s ģ
  Rate limited (429) on attempt 4/5. Waiting 16s ģ
  Rate limited (429) on attempt 5/5. Waiting 32s ģ
  Max retries (5) exceeded for Madera on 2018-05-01. Skipping.
  Rate limited (429) on attempt 1/5. Waiting 2s ģ
  Rate limited (429) on attempt 2/5. Waiting 4s ģ
  Rate limited (429) on attempt 3/5. Waiting 8s ģ
  Rate limited (429) on attempt 4/5. Waiting 16s ģ
  Rate limited (429) on attempt 5/5. Waiting 32s ģ
  Max retries (5) exceeded for Madera on 2018-05-02. Skipping.
  Rate limited (429) on attempt 1/5. Waiting 2s ģ
  Rate limited (429) on attempt 2/5. Waiting 4s ģ
  Rate limited (429) on attempt 3/5. Waiting 8s ģ
  Rate limited (429) on attempt 4/5. Waiting 16s ģ
  Rate limited (429) on attempt 5/5. Waiting 32s ģ
  Max retries (5) exceeded for Madera on 2018-05-03. Skipping.
  Rate limited (429) on attempt 1/5. Waiting 2s ģ
  Rate limited (429) on attempt 2/5. Waiting 4s ģ
  Rate limited (429) on attempt 3/5. Waiting 8s ģ
  Rate limited (429) on attempt 4/5. Waiting 16s ģ
  Rate limited (429) on attempt 5/5. Waiting 32s ģ
  Max retries (5) exceeded for Madera on 2018-05-04. Skipping.
  Rate limited (429) on attempt 1/5. Waiting 2s ģ
  Rate limited (429) on attempt 2/5. Waiting 4s ģ
  Rate limited (429) on attempt 3/5. Waiting 8s ģ
  Rate limited (429) on attempt 4/5. Waiting 16s ģ
  Rate limited (429) on attempt 5/5. Waiting 32s ģ
  Max retries (5) exceeded for Madera on 2018-05-05. Skipping.
  Rate limited (429) on attempt 1/5. Waiting 2s ģ
  Rate limited (429) on attempt 2/5. Waiting 4s ģ
  Rate limited (429) on attempt 3/5. Waiting 8s ģ
  Rate limited (429) on attempt 4/5. Waiting 16s ģ
  Rate limited (429) on attempt 5/5. Waiting 32s ģ
  Max retries (5) exceeded for Madera on 2018-05-06. Skipping.
  Rate limited (429) on attempt 1/5. Waiting 2s ģ
  Rate limited (429) on attempt 2/5. Waiting 4s ģ
  Rate limited (429) on attempt 3/5. Waiting 8s ģ
  Rate limited (429) on attempt 4/5. Waiting 16s ģ
  Rate limited (429) on attempt 5/5. Waiting 32s ģ
  Max retries (5) exceeded for Madera on 2018-05-07. Skipping.
  Rate limited (429) on attempt 1/5. Waiting 2s ģ
  Rate limited (429) on attempt 2/5. Waiting 4s ģ
  Rate limited (429) on attempt 3/5. Waiting 8s ģ
  Rate limited (429) on attempt 4/5. Waiting 16s ģ
  Rate limited (429) on attempt 5/5. Waiting 32s ģ
  Max retries (5) exceeded for Madera on 2018-05-08. Skipping.
  Rate limited (429) on attempt 1/5. Waiting 2s ģ
  Rate limited (429) on attempt 2/5. Waiting 4s ģ
  Rate limited (429) on attempt 3/5. Waiting 8s ģ
  Rate limited (429) on attempt 4/5. Waiting 16s ģ
  Rate limited (429) on attempt 5/5. Waiting 32s ģ
  Max retries (5) exceeded for Madera on 2018-05-09. Skipping.
  Rate limited (429) on attempt 1/5. Waiting 2s ģ
  Rate limited (429) on attempt 2/5. Waiting 4s ģ
  Rate limited (429) on attempt 3/5. Waiting 8s ģ
  Rate limited (429) on attempt 4/5. Waiting 16s ģ
  Rate limited (429) on attempt 5/5. Waiting 32s ģ
  Max retries (5) exceeded for Madera on 2018-05-10. Skipping.
  Rate limited (429) on attempt 1/5. Waiting 2s ģ
  Rate limited (429) on attempt 2/5. Waiting 4s ģ
  Rate limited (429) on attempt 3/5. Waiting 8s ģ
  Rate limited (429) on attempt 4/5. Waiting 16s ģ
  Rate limited (429) on attempt 5/5. Waiting 32s ģ
  Max retries (5) exceeded for Madera on 2018-05-11. Skipping.
  Rate limited (429) on attempt 1/5. Waiting 2s ģ
  Rate limited (429) on attempt 2/5. Waiting 4s ģ
  Rate limited (429) on attempt 3/5. Waiting 8s ģ
  Rate limited (429) on attempt 4/5. Waiting 16s ģ
  Rate limited (429) on attempt 5/5. Waiting 32s ģ
  Max retries (5) exceeded for Madera on 2018-05-12. Skipping.
  Rate limited (429) on attempt 1/5. Waiting 2s ģ
  Rate limited (429) on attempt 2/5. Waiting 4s ģ
  Rate limited (429) on attempt 3/5. Waiting 8s ģ
  Rate limited (429) on attempt 4/5. Waiting 16s ģ
  Rate limited (429) on attempt 5/5. Waiting 32s ģ
  Max retries (5) exceeded for Madera on 2018-05-13. Skipping.
  Rate limited (429) on attempt 1/5. Waiting 2s ģ
  Rate limited (429) on attempt 2/5. Waiting 4s ģ
  Rate limited (429) on attempt 3/5. Waiting 8s ģ
  Rate limited (429) on attempt 4/5. Waiting 16s ģ
  Rate limited (429) on attempt 5/5. Waiting 32s ģ
  Max retries (5) exceeded for Madera on 2018-05-14. Skipping.
  Rate limited (429) on attempt 1/5. Waiting 2s ģ
  Rate limited (429) on attempt 2/5. Waiting 4s ģ
  Rate limited (429) on attempt 3/5. Waiting 8s ģ
  Rate limited (429) on attempt 4/5. Waiting 16s ģ
  Rate limited (429) on attempt 5/5. Waiting 32s ģ
  Max retries (5) exceeded for Madera on 2019-09-27. Skipping.
  Rate limited (429) on attempt 1/5. Waiting 2s ģ
  Rate limited (429) on attempt 2/5. Waiting 4s ģ
  Rate limited (429) on attempt 3/5. Waiting 8s ģ
  Rate limited (429) on attempt 4/5. Waiting 16s ģ
  Rate limited (429) on attempt 5/5. Waiting 32s ģ
  Max retries (5) exceeded for Madera on 2019-09-28. Skipping.
  Rate limited (429) on attempt 1/5. Waiting 2s ģ
  Rate limited (429) on attempt 2/5. Waiting 4s ģ
  Rate limited (429) on attempt 3/5. Waiting 8s ģ
  Rate limited (429) on attempt 4/5. Waiting 16s ģ
  Rate limited (429) on attempt 5/5. Waiting 32s ģ
  Max retries (5) exceeded for Madera on 2019-09-29. Skipping.
  Rate limited (429) on attempt 1/5. Waiting 2s ģ
  Rate limited (429) on attempt 2/5. Waiting 4s ģ
  Rate limited (429) on attempt 3/5. Waiting 8s ģ
  Rate limited (429) on attempt 4/5. Waiting 16s ģ
  Rate limited (429) on attempt 5/5. Waiting 32s ģ
  Max retries (5) exceeded for Madera on 2019-09-30. Skipping.
  Rate limited (429) on attempt 1/5. Waiting 2s ģ
  Rate limited (429) on attempt 2/5. Waiting 4s ģ
  Rate limited (429) on attempt 3/5. Waiting 8s ģ
  Rate limited (429) on attempt 4/5. Waiting 16s ģ
  Rate limited (429) on attempt 5/5. Waiting 32s ģ
  Max retries (5) exceeded for Madera on 2019-10-01. Skipping.
  Rate limited (429) on attempt 1/5. Waiting 2s ģ
  Rate limited (429) on attempt 2/5. Waiting 4s ģ
  Rate limited (429) on attempt 3/5. Waiting 8s ģ
  Rate limited (429) on attempt 4/5. Waiting 16s ģ
  Rate limited (429) on attempt 5/5. Waiting 32s ģ
  Max retries (5) exceeded for Madera on 2019-10-02. Skipping.
  Rate limited (429) on attempt 1/5. Waiting 2s ģ
  Rate limited (429) on attempt 2/5. Waiting 4s ģ
  Rate limited (429) on attempt 3/5. Waiting 8s ģ
  Rate limited (429) on attempt 4/5. Waiting 16s ģ
  Rate limited (429) on attempt 5/5. Waiting 32s ģ
  Max retries (5) exceeded for Madera on 2019-10-03. Skipping.
  Rate limited (429) on attempt 1/5. Waiting 2s ģ
  Rate limited (429) on attempt 2/5. Waiting 4s ģ
  Rate limited (429) on attempt 3/5. Waiting 8s ģ
  Rate limited (429) on attempt 4/5. Waiting 16s ģ
  Rate limited (429) on attempt 5/5. Waiting 32s ģ
  Max retries (5) exceeded for Madera on 2019-10-04. Skipping.
  Rate limited (429) on attempt 1/5. Waiting 2s ģ
  Rate limited (429) on attempt 2/5. Waiting 4s ģ
  Rate limited (429) on attempt 3/5. Waiting 8s ģ
  Rate limited (429) on attempt 4/5. Waiting 16s ģ
  Rate limited (429) on attempt 5/5. Waiting 32s ģ
  Max retries (5) exceeded for Madera on 2019-10-05. Skipping.
  Rate limited (429) on attempt 1/5. Waiting 2s ģ
  Rate limited (429) on attempt 2/5. Waiting 4s ģ
  Rate limited (429) on attempt 3/5. Waiting 8s ģ
  Rate limited (429) on attempt 4/5. Waiting 16s ģ
  Rate limited (429) on attempt 5/5. Waiting 32s ģ
  Max retries (5) exceeded for Madera on 2019-10-06. Skipping.
  Rate limited (429) on attempt 1/5. Waiting 2s ģ
  Rate limited (429) on attempt 2/5. Waiting 4s ģ
  Rate limited (429) on attempt 3/5. Waiting 8s ģ
  Rate limited (429) on attempt 4/5. Waiting 16s ģ
  Rate limited (429) on attempt 5/5. Waiting 32s ģ
  Max retries (5) exceeded for Madera on 2019-10-07. Skipping.
  Rate limited (429) on attempt 1/5. Waiting 2s ģ
  Rate limited (429) on attempt 2/5. Waiting 4s ģ
  Rate limited (429) on attempt 3/5. Waiting 8s ģ
  Rate limited (429) on attempt 4/5. Waiting 16s ģ
  Rate limited (429) on attempt 5/5. Waiting 32s ģ
  Max retries (5) exceeded for Madera on 2019-10-08. Skipping.
  Rate limited (429) on attempt 1/5. Waiting 2s ģ
  Rate limited (429) on attempt 2/5. Waiting 4s ģ
  Rate limited (429) on attempt 3/5. Waiting 8s ģ
  Rate limited (429) on attempt 4/5. Waiting 16s ģ
  Rate limited (429) on attempt 5/5. Waiting 32s ģ
  Max retries (5) exceeded for Madera on 2019-10-09. Skipping.
  Rate limited (429) on attempt 1/5. Waiting 2s ģ
  Rate limited (429) on attempt 2/5. Waiting 4s ģ
  Rate limited (429) on attempt 3/5. Waiting 8s ģ
  Rate limited (429) on attempt 4/5. Waiting 16s ģ
  Rate limited (429) on attempt 5/5. Waiting 32s ģ
  Max retries (5) exceeded for Madera on 2019-10-10. Skipping.
  Rate limited (429) on attempt 1/5. Waiting 2s ģ
  Rate limited (429) on attempt 2/5. Waiting 4s ģ
  Rate limited (429) on attempt 3/5. Waiting 8s ģ
  Rate limited (429) on attempt 4/5. Waiting 16s ģ
  Rate limited (429) on attempt 5/5. Waiting 32s ģ
  Max retries (5) exceeded for Madera on 2019-10-11. Skipping.
  Rate limited (429) on attempt 1/5. Waiting 2s ģ
  Rate limited (429) on attempt 2/5. Waiting 4s ģ
  Rate limited (429) on attempt 3/5. Waiting 8s ģ
  Rate limited (429) on attempt 4/5. Waiting 16s ģ
  Rate limited (429) on attempt 5/5. Waiting 32s ģ
  Max retries (5) exceeded for Madera on 2019-10-12. Skipping.
  Rate limited (429) on attempt 1/5. Waiting 2s ģ
  Rate limited (429) on attempt 2/5. Waiting 4s ģ
  Rate limited (429) on attempt 3/5. Waiting 8s ģ
  Rate limited (429) on attempt 4/5. Waiting 16s ģ
  Rate limited (429) on attempt 5/5. Waiting 32s ģ
  Max retries (5) exceeded for Madera on 2019-10-13. Skipping.
  Rate limited (429) on attempt 1/5. Waiting 2s ģ
  Rate limited (429) on attempt 2/5. Waiting 4s ģ
  Rate limited (429) on attempt 3/5. Waiting 8s ģ
  Rate limited (429) on attempt 4/5. Waiting 16s ģ
  Rate limited (429) on attempt 1/5. Waiting 2s ģ
  Rate limited (429) on attempt 2/5. Waiting 4s ģ
  Rate limited (429) on attempt 3/5. Waiting 8s ģ
  Rate limited (429) on attempt 4/5. Waiting 16s ģ
  Rate limited (429) on attempt 5/5. Waiting 32s ģ
  Max retries (5) exceeded for Madera on 2021-02-25. Skipping.
  Rate limited (429) on attempt 1/5. Waiting 2s ģ
  Rate limited (429) on attempt 2/5. Waiting 4s ģ
  Rate limited (429) on attempt 3/5. Waiting 8s ģ
  Rate limited (429) on attempt 4/5. Waiting 16s ģ
  Rate limited (429) on attempt 5/5. Waiting 32s ģ
  Max retries (5) exceeded for Madera on 2021-02-26. Skipping.
  Rate limited (429) on attempt 1/5. Waiting 2s ģ
  Rate limited (429) on attempt 2/5. Waiting 4s ģ
  Rate limited (429) on attempt 3/5. Waiting 8s ģ
  Rate limited (429) on attempt 4/5. Waiting 16s ģ
  Rate limited (429) on attempt 5/5. Waiting 32s ģ
  Max retries (5) exceeded for Madera on 2021-02-27. Skipping.
  Rate limited (429) on attempt 1/5. Waiting 2s ģ
  Rate limited (429) on attempt 2/5. Waiting 4s ģ
  Rate limited (429) on attempt 3/5. Waiting 8s ģ
  Rate limited (429) on attempt 4/5. Waiting 16s ģ
  Rate limited (429) on attempt 5/5. Waiting 32s ģ
  Max retries (5) exceeded for Madera on 2021-02-28. Skipping.
  Rate limited (429) on attempt 1/5. Waiting 2s ģ
  Rate limited (429) on attempt 2/5. Waiting 4s ģ
  Rate limited (429) on attempt 3/5. Waiting 8s ģ
  Rate limited (429) on attempt 4/5. Waiting 16s ģ
  Rate limited (429) on attempt 5/5. Waiting 32s ģ
  Max retries (5) exceeded for Madera on 2021-03-01. Skipping.
  Rate limited (429) on attempt 1/5. Waiting 2s ģ
  Rate limited (429) on attempt 2/5. Waiting 4s ģ
  Rate limited (429) on attempt 3/5. Waiting 8s ģ
  Rate limited (429) on attempt 4/5. Waiting 16s ģ
  Rate limited (429) on attempt 5/5. Waiting 32s ģ
  Max retries (5) exceeded for Madera on 2021-03-02. Skipping.
  Rate limited (429) on attempt 1/5. Waiting 2s ģ
  Rate limited (429) on attempt 2/5. Waiting 4s ģ
  Rate limited (429) on attempt 3/5. Waiting 8s ģ
  Rate limited (429) on attempt 4/5. Waiting 16s ģ
  Rate limited (429) on attempt 5/5. Waiting 32s ģ
  Max retries (5) exceeded for Madera on 2021-03-03. Skipping.
  Rate limited (429) on attempt 1/5. Waiting 2s ģ
  Rate limited (429) on attempt 2/5. Waiting 4s ģ
  Rate limited (429) on attempt 3/5. Waiting 8s ģ
  Rate limited (429) on attempt 4/5. Waiting 16s ģ
  Rate limited (429) on attempt 5/5. Waiting 32s ģ
  Max retries (5) exceeded for Madera on 2021-03-04. Skipping.
  Rate limited (429) on attempt 1/5. Waiting 2s ģ
  Rate limited (429) on attempt 2/5. Waiting 4s ģ
  Rate limited (429) on attempt 3/5. Waiting 8s ģ
  Rate limited (429) on attempt 4/5. Waiting 16s ģ
  Rate limited (429) on attempt 5/5. Waiting 32s ģ
  Max retries (5) exceeded for Madera on 2021-03-05. Skipping.
  Rate limited (429) on attempt 1/5. Waiting 2s ģ
  Rate limited (429) on attempt 2/5. Waiting 4s ģ
  Rate limited (429) on attempt 3/5. Waiting 8s ģ
  Rate limited (429) on attempt 4/5. Waiting 16s ģ
  Rate limited (429) on attempt 5/5. Waiting 32s ģ
  Max retries (5) exceeded for Madera on 2021-03-06. Skipping.
  Rate limited (429) on attempt 1/5. Waiting 2s ģ
  Rate limited (429) on attempt 2/5. Waiting 4s ģ
  Rate limited (429) on attempt 3/5. Waiting 8s ģ
  Rate limited (429) on attempt 4/5. Waiting 16s ģ
  Rate limited (429) on attempt 5/5. Waiting 32s ģ
  Max retries (5) exceeded for Madera on 2021-03-07. Skipping.
  Rate limited (429) on attempt 1/5. Waiting 2s ģ
  Rate limited (429) on attempt 2/5. Waiting 4s ģ
  Rate limited (429) on attempt 3/5. Waiting 8s ģ
  Rate limited (429) on attempt 4/5. Waiting 16s ģ
  Rate limited (429) on attempt 5/5. Waiting 32s ģ
  Max retries (5) exceeded for Madera on 2021-03-08. Skipping.
  Rate limited (429) on attempt 1/5. Waiting 2s ģ
  Rate limited (429) on attempt 2/5. Waiting 4s ģ
  Rate limited (429) on attempt 3/5. Waiting 8s ģ
  Rate limited (429) on attempt 4/5. Waiting 16s ģ
  Rate limited (429) on attempt 5/5. Waiting 32s ģ
  Max retries (5) exceeded for Madera on 2021-03-09. Skipping.
  Rate limited (429) on attempt 1/5. Waiting 2s ģ
  Rate limited (429) on attempt 2/5. Waiting 4s ģ
  Rate limited (429) on attempt 3/5. Waiting 8s ģ
  Rate limited (429) on attempt 4/5. Waiting 16s ģ
  Rate limited (429) on attempt 5/5. Waiting 32s ģ
  Max retries (5) exceeded for Madera on 2021-03-10. Skipping.
  Rate limited (429) on attempt 1/5. Waiting 2s ģ
  Rate limited (429) on attempt 2/5. Waiting 4s ģ
  Rate limited (429) on attempt 3/5. Waiting 8s ģ
  Rate limited (429) on attempt 4/5. Waiting 16s ģ
  Rate limited (429) on attempt 5/5. Waiting 32s ģ
  Max retries (5) exceeded for Madera on 2021-03-11. Skipping.
  Rate limited (429) on attempt 1/5. Waiting 2s ģ
  Rate limited (429) on attempt 2/5. Waiting 4s ģ
  Rate limited (429) on attempt 3/5. Waiting 8s ģ
  Rate limited (429) on attempt 4/5. Waiting 16s ģ
  Rate limited (429) on attempt 5/5. Waiting 32s ģ
  Max retries (5) exceeded for Madera on 2021-03-12. Skipping.
  Rate limited (429) on attempt 1/5. Waiting 2s ģ
  Rate limited (429) on attempt 2/5. Waiting 4s ģ
  Rate limited (429) on attempt 3/5. Waiting 8s ģ
  Rate limited (429) on attempt 4/5. Waiting 16s ģ
  Rate limited (429) on attempt 5/5. Waiting 32s ģ
  Max retries (5) exceeded for Madera on 2021-03-13. Skipping.
  Rate limited (429) on attempt 1/5. Waiting 2s ģ
  Rate limited (429) on attempt 2/5. Waiting 4s ģ
  Rate limited (429) on attempt 3/5. Waiting 8s ģ
  Rate limited (429) on attempt 4/5. Waiting 16s ģ
  Rate limited (429) on attempt 5/5. Waiting 32s ģ
  Max retries (5) exceeded for Madera on 2021-03-14. Skipping.
Request failed for Madera on 2021-03-15: 502 Server Error: Bad Gateway for url: https://www.airnowapi.org/aq/data/?startDate=2021-03-15T00&endDate=2021-03-15T23&parameters=PM25&BBOX=-120.26472595272377%2C36.71782981756664%2C-119.26472595272377%2C37.71782981756664&dataType=B&format=application%2Fjson&verbose=1&monitorType=0&includerawconcentrations=1&API_KEY=8DA566C7-96F1-4380-BB24-15EE61D70B9F
Request failed for Madera on 2021-03-17: 502 Server Error: Bad Gateway for url: https://www.airnowapi.org/aq/data/?startDate=2021-03-17T00&endDate=2021-03-17T23&parameters=PM25&BBOX=-120.26472595272377%2C36.71782981756664%2C-119.26472595272377%2C37.71782981756664&dataType=B&format=application%2Fjson&verbose=1&monitorType=0&includerawconcentrations=1&API_KEY=8DA566C7-96F1-4380-BB24-15EE61D70B9F
Request failed for Madera on 2021-08-23: HTTPSConnectionPool(host='www.airnowapi.org', port=443): Read timed out. (read timeout=60)
Request failed for Madera on 2021-08-27: HTTPSConnectionPool(host='www.airnowapi.org', port=443): Read timed out. (read timeout=60)
Request failed for Madera on 2021-08-28: HTTPSConnectionPool(host='www.airnowapi.org', port=443): Read timed out. (read timeout=60)
Request failed for Madera on 2021-08-29: HTTPSConnectionPool(host='www.airnowapi.org', port=443): Read timed out. (read timeout=60)
Request failed for Madera on 2021-08-30: HTTPSConnectionPool(host='www.airnowapi.org', port=443): Read timed out. (read timeout=60)
  Rate limited (429) on attempt 1/5. Waiting 2s ģ
  Rate limited (429) on attempt 2/5. Waiting 4s ģ
  Rate limited (429) on attempt 3/5. Waiting 8s ģ
  Rate limited (429) on attempt 4/5. Waiting 16s ģ
  Rate limited (429) on attempt 5/5. Waiting 32s ģ
  Max retries (5) exceeded for Madera on 2022-07-30. Skipping.
  Rate limited (429) on attempt 1/5. Waiting 2s ģ
  Rate limited (429) on attempt 2/5. Waiting 4s ģ
  Rate limited (429) on attempt 3/5. Waiting 8s ģ
  Rate limited (429) on attempt 4/5. Waiting 16s ģ
  Rate limited (429) on attempt 5/5. Waiting 32s ģ
  Max retries (5) exceeded for Madera on 2022-07-31. Skipping.
  Rate limited (429) on attempt 1/5. Waiting 2s ģ
  Rate limited (429) on attempt 2/5. Waiting 4s ģ
  Rate limited (429) on attempt 3/5. Waiting 8s ģ
  Rate limited (429) on attempt 4/5. Waiting 16s ģ
  Rate limited (429) on attempt 5/5. Waiting 32s ģ
  Max retries (5) exceeded for Madera on 2022-08-01. Skipping.
  Rate limited (429) on attempt 1/5. Waiting 2s ģ
  Rate limited (429) on attempt 2/5. Waiting 4s ģ
  Rate limited (429) on attempt 3/5. Waiting 8s ģ
  Rate limited (429) on attempt 4/5. Waiting 16s ģ
  Rate limited (429) on attempt 5/5. Waiting 32s ģ
  Max retries (5) exceeded for Madera on 2022-08-02. Skipping.
  Rate limited (429) on attempt 1/5. Waiting 2s ģ
  Rate limited (429) on attempt 2/5. Waiting 4s ģ
  Rate limited (429) on attempt 3/5. Waiting 8s ģ
  Rate limited (429) on attempt 4/5. Waiting 16s ģ
  Rate limited (429) on attempt 5/5. Waiting 32s ģ
  Max retries (5) exceeded for Madera on 2022-08-03. Skipping.
  Rate limited (429) on attempt 1/5. Waiting 2s ģ
  Rate limited (429) on attempt 2/5. Waiting 4s ģ
  Rate limited (429) on attempt 3/5. Waiting 8s ģ
  Rate limited (429) on attempt 4/5. Waiting 16s ģ
  Rate limited (429) on attempt 5/5. Waiting 32s ģ
  Max retries (5) exceeded for Madera on 2022-08-04. Skipping.
  Rate limited (429) on attempt 1/5. Waiting 2s ģ
  Rate limited (429) on attempt 2/5. Waiting 4s ģ
  Rate limited (429) on attempt 3/5. Waiting 8s ģ
  Rate limited (429) on attempt 4/5. Waiting 16s ģ
  Rate limited (429) on attempt 5/5. Waiting 32s ģ
  Max retries (5) exceeded for Madera on 2022-08-05. Skipping.
  Rate limited (429) on attempt 1/5. Waiting 2s ģ
  Rate limited (429) on attempt 2/5. Waiting 4s ģ
  Rate limited (429) on attempt 3/5. Waiting 8s ģ
  Rate limited (429) on attempt 4/5. Waiting 16s ģ
  Rate limited (429) on attempt 5/5. Waiting 32s ģ
  Max retries (5) exceeded for Madera on 2022-08-06. Skipping.
  Rate limited (429) on attempt 1/5. Waiting 2s ģ
  Rate limited (429) on attempt 2/5. Waiting 4s ģ
  Rate limited (429) on attempt 3/5. Waiting 8s ģ
  Rate limited (429) on attempt 4/5. Waiting 16s ģ
  Rate limited (429) on attempt 5/5. Waiting 32s ģ
  Max retries (5) exceeded for Madera on 2022-08-07. Skipping.
  Rate limited (429) on attempt 1/5. Waiting 2s ģ
  Rate limited (429) on attempt 2/5. Waiting 4s ģ
  Rate limited (429) on attempt 3/5. Waiting 8s ģ
  Rate limited (429) on attempt 4/5. Waiting 16s ģ
  Rate limited (429) on attempt 5/5. Waiting 32s ģ
  Max retries (5) exceeded for Madera on 2022-08-08. Skipping.
  Rate limited (429) on attempt 1/5. Waiting 2s ģ
  Rate limited (429) on attempt 2/5. Waiting 4s ģ
  Rate limited (429) on attempt 3/5. Waiting 8s ģ
  Rate limited (429) on attempt 4/5. Waiting 16s ģ
  Rate limited (429) on attempt 5/5. Waiting 32s ģ
  Max retries (5) exceeded for Madera on 2022-08-09. Skipping.
  Rate limited (429) on attempt 1/5. Waiting 2s ģ
  Rate limited (429) on attempt 2/5. Waiting 4s ģ
  Rate limited (429) on attempt 1/5. Waiting 2s ģ
  Rate limited (429) on attempt 2/5. Waiting 4s ģ
  Rate limited (429) on attempt 3/5. Waiting 8s ģ
  Rate limited (429) on attempt 4/5. Waiting 16s ģ
  Rate limited (429) on attempt 5/5. Waiting 32s ģ
  Max retries (5) exceeded for Madera on 2023-12-23. Skipping.
  Rate limited (429) on attempt 1/5. Waiting 2s ģ
  Rate limited (429) on attempt 2/5. Waiting 4s ģ
  Rate limited (429) on attempt 3/5. Waiting 8s ģ
  Rate limited (429) on attempt 4/5. Waiting 16s ģ
  Rate limited (429) on attempt 5/5. Waiting 32s ģ
  Max retries (5) exceeded for Madera on 2023-12-24. Skipping.
  Rate limited (429) on attempt 1/5. Waiting 2s ģ
  Rate limited (429) on attempt 2/5. Waiting 4s ģ
  Rate limited (429) on attempt 3/5. Waiting 8s ģ
  Rate limited (429) on attempt 4/5. Waiting 16s ģ
  Rate limited (429) on attempt 5/5. Waiting 32s ģ
  Max retries (5) exceeded for Madera on 2023-12-25. Skipping.
  Rate limited (429) on attempt 1/5. Waiting 2s ģ
  Rate limited (429) on attempt 2/5. Waiting 4s ģ
  Rate limited (429) on attempt 3/5. Waiting 8s ģ
  Rate limited (429) on attempt 4/5. Waiting 16s ģ
  Rate limited (429) on attempt 5/5. Waiting 32s ģ
  Max retries (5) exceeded for Madera on 2023-12-26. Skipping.
  Rate limited (429) on attempt 1/5. Waiting 2s ģ
  Rate limited (429) on attempt 2/5. Waiting 4s ģ
  Rate limited (429) on attempt 3/5. Waiting 8s ģ
  Rate limited (429) on attempt 4/5. Waiting 16s ģ
  Rate limited (429) on attempt 5/5. Waiting 32s ģ
  Max retries (5) exceeded for Madera on 2023-12-27. Skipping.
  Rate limited (429) on attempt 1/5. Waiting 2s ģ
  Rate limited (429) on attempt 2/5. Waiting 4s ģ
  Rate limited (429) on attempt 3/5. Waiting 8s ģ
  Rate limited (429) on attempt 4/5. Waiting 16s ģ
  Rate limited (429) on attempt 5/5. Waiting 32s ģ
  Max retries (5) exceeded for Madera on 2023-12-28. Skipping.
  Rate limited (429) on attempt 1/5. Waiting 2s ģ
  Rate limited (429) on attempt 2/5. Waiting 4s ģ
  Rate limited (429) on attempt 3/5. Waiting 8s ģ
  Rate limited (429) on attempt 4/5. Waiting 16s ģ
  Rate limited (429) on attempt 5/5. Waiting 32s ģ
  Max retries (5) exceeded for Madera on 2023-12-29. Skipping.
  Rate limited (429) on attempt 1/5. Waiting 2s ģ
  Rate limited (429) on attempt 2/5. Waiting 4s ģ
  Rate limited (429) on attempt 3/5. Waiting 8s ģ
  Rate limited (429) on attempt 4/5. Waiting 16s ģ
  Rate limited (429) on attempt 5/5. Waiting 32s ģ
  Max retries (5) exceeded for Madera on 2023-12-30. Skipping.
  Rate limited (429) on attempt 1/5. Waiting 2s ģ
  Rate limited (429) on attempt 2/5. Waiting 4s ģ
  Rate limited (429) on attempt 3/5. Waiting 8s ģ
  Rate limited (429) on attempt 4/5. Waiting 16s ģ
  Rate limited (429) on attempt 5/5. Waiting 32s ģ
  Max retries (5) exceeded for Madera on 2023-12-31. Skipping.
  Rate limited (429) on attempt 1/5. Waiting 2s ģ
  Rate limited (429) on attempt 2/5. Waiting 4s ģ
  Rate limited (429) on attempt 3/5. Waiting 8s ģ
  Rate limited (429) on attempt 4/5. Waiting 16s ģ
  Rate limited (429) on attempt 5/5. Waiting 32s ģ
  Max retries (5) exceeded for Madera on 2024-01-01. Skipping.
  Rate limited (429) on attempt 1/5. Waiting 2s ģ
  Rate limited (429) on attempt 2/5. Waiting 4s ģ
  Rate limited (429) on attempt 3/5. Waiting 8s ģ
  Rate limited (429) on attempt 4/5. Waiting 16s ģ
  Rate limited (429) on attempt 5/5. Waiting 32s ģ
  Max retries (5) exceeded for Madera on 2024-01-02. Skipping.
  Rate limited (429) on attempt 1/5. Waiting 2s ģ
  Rate limited (429) on attempt 2/5. Waiting 4s ģ
  Rate limited (429) on attempt 3/5. Waiting 8s ģ
  Rate limited (429) on attempt 4/5. Waiting 16s ģ
  Rate limited (429) on attempt 5/5. Waiting 32s ģ
  Max retries (5) exceeded for Madera on 2024-01-03. Skipping.
  Rate limited (429) on attempt 1/5. Waiting 2s ģ
  Rate limited (429) on attempt 2/5. Waiting 4s ģ
  Rate limited (429) on attempt 3/5. Waiting 8s ģ
  Rate limited (429) on attempt 4/5. Waiting 16s ģ
  Rate limited (429) on attempt 5/5. Waiting 32s ģ
  Max retries (5) exceeded for Madera on 2024-01-04. Skipping.
  Rate limited (429) on attempt 1/5. Waiting 2s ģ
  Rate limited (429) on attempt 2/5. Waiting 4s ģ
  Rate limited (429) on attempt 3/5. Waiting 8s ģ
  Rate limited (429) on attempt 4/5. Waiting 16s ģ
  Rate limited (429) on attempt 5/5. Waiting 32s ģ
  Max retries (5) exceeded for Madera on 2024-01-05. Skipping.
  Rate limited (429) on attempt 1/5. Waiting 2s ģ
  Rate limited (429) on attempt 2/5. Waiting 4s ģ
  Rate limited (429) on attempt 3/5. Waiting 8s ģ
  Rate limited (429) on attempt 4/5. Waiting 16s ģ
  Rate limited (429) on attempt 5/5. Waiting 32s ģ
  Max retries (5) exceeded for Madera on 2024-01-06. Skipping.
  Rate limited (429) on attempt 1/5. Waiting 2s ģ
  Rate limited (429) on attempt 2/5. Waiting 4s ģ
  Rate limited (429) on attempt 3/5. Waiting 8s ģ
  Rate limited (429) on attempt 4/5. Waiting 16s ģ
  Rate limited (429) on attempt 5/5. Waiting 32s ģ
  Max retries (5) exceeded for Madera on 2024-01-07. Skipping.
  Rate limited (429) on attempt 1/5. Waiting 2s ģ
  Rate limited (429) on attempt 2/5. Waiting 4s ģ
  Rate limited (429) on attempt 3/5. Waiting 8s ģ
  Rate limited (429) on attempt 4/5. Waiting 16s ģ
  Rate limited (429) on attempt 5/5. Waiting 32s ģ
  Max retries (5) exceeded for Madera on 2024-01-08. Skipping.
  Rate limited (429) on attempt 1/5. Waiting 2s ģ
  Rate limited (429) on attempt 2/5. Waiting 4s ģ
  Rate limited (429) on attempt 3/5. Waiting 8s ģ
  Rate limited (429) on attempt 4/5. Waiting 16s ģ
  Rate limited (429) on attempt 5/5. Waiting 32s ģ
  Max retries (5) exceeded for Madera on 2024-01-09. Skipping.
Appended 209023 new records to 567370 existing records.
Wrote raw AirNow records: C:\Users\rudyk\Downloads\PredictionAP\PredictionAP\data\raw\air\airnow_records_raw.csv
Wrote county daily air data: C:\Users\rudyk\Downloads\PredictionAP\PredictionAP\data\processed\air\county_air_daily.csv
Daily rows: 14330

============================================================
Fetching Kings (bbox +/-1.0 degrees, 2018-2024)
============================================================
Collecting AirNow data from 2018-01-01 to 2024-12-31
Default bbox half-size: 0.25░
Per-county bbox overrides: {'Kings': 1.0}
Fetching AirNow for Kings (bbox ▒1.0░)
  Rate limited (429) on attempt 1/5. Waiting 2s ģ
  Rate limited (429) on attempt 2/5. Waiting 4s ģ
  Rate limited (429) on attempt 3/5. Waiting 8s ģ
  Rate limited (429) on attempt 4/5. Waiting 16s ģ
  Rate limited (429) on attempt 5/5. Waiting 32s ģ
  Max retries (5) exceeded for Kings on 2018-05-24. Skipping.
  Rate limited (429) on attempt 1/5. Waiting 2s ģ
  Rate limited (429) on attempt 2/5. Waiting 4s ģ
  Rate limited (429) on attempt 3/5. Waiting 8s ģ
  Rate limited (429) on attempt 4/5. Waiting 16s ģ
  Rate limited (429) on attempt 5/5. Waiting 32s ģ
  Max retries (5) exceeded for Kings on 2018-05-25. Skipping.
  Rate limited (429) on attempt 1/5. Waiting 2s ģ
  Rate limited (429) on attempt 2/5. Waiting 4s ģ
  Rate limited (429) on attempt 3/5. Waiting 8s ģ
  Rate limited (429) on attempt 4/5. Waiting 16s ģ
  Rate limited (429) on attempt 5/5. Waiting 32s ģ
  Max retries (5) exceeded for Kings on 2018-05-26. Skipping.
  Rate limited (429) on attempt 1/5. Waiting 2s ģ
  Rate limited (429) on attempt 2/5. Waiting 4s ģ
  Rate limited (429) on attempt 3/5. Waiting 8s ģ
  Rate limited (429) on attempt 4/5. Waiting 16s ģ
  Rate limited (429) on attempt 5/5. Waiting 32s ģ
  Max retries (5) exceeded for Kings on 2018-05-27. Skipping.
  Rate limited (429) on attempt 1/5. Waiting 2s ģ
  Rate limited (429) on attempt 2/5. Waiting 4s ģ
  Rate limited (429) on attempt 3/5. Waiting 8s ģ
  Rate limited (429) on attempt 4/5. Waiting 16s ģ
  Rate limited (429) on attempt 5/5. Waiting 32s ģ
  Max retries (5) exceeded for Kings on 2018-05-28. Skipping.
  Rate limited (429) on attempt 1/5. Waiting 2s ģ
  Rate limited (429) on attempt 2/5. Waiting 4s ģ
  Rate limited (429) on attempt 3/5. Waiting 8s ģ
  Rate limited (429) on attempt 4/5. Waiting 16s ģ
  Rate limited (429) on attempt 5/5. Waiting 32s ģ
  Max retries (5) exceeded for Kings on 2018-05-29. Skipping.
  Rate limited (429) on attempt 1/5. Waiting 2s ģ
  Rate limited (429) on attempt 2/5. Waiting 4s ģ
  Rate limited (429) on attempt 3/5. Waiting 8s ģ
  Rate limited (429) on attempt 4/5. Waiting 16s ģ
  Rate limited (429) on attempt 5/5. Waiting 32s ģ
  Max retries (5) exceeded for Kings on 2018-05-30. Skipping.
  Rate limited (429) on attempt 1/5. Waiting 2s ģ
  Rate limited (429) on attempt 2/5. Waiting 4s ģ
  Rate limited (429) on attempt 3/5. Waiting 8s ģ
  Rate limited (429) on attempt 4/5. Waiting 16s ģ
  Rate limited (429) on attempt 5/5. Waiting 32s ģ
  Max retries (5) exceeded for Kings on 2018-05-31. Skipping.
  Rate limited (429) on attempt 1/5. Waiting 2s ģ
  Rate limited (429) on attempt 2/5. Waiting 4s ģ
  Rate limited (429) on attempt 3/5. Waiting 8s ģ
  Rate limited (429) on attempt 4/5. Waiting 16s ģ
  Rate limited (429) on attempt 5/5. Waiting 32s ģ
  Max retries (5) exceeded for Kings on 2018-06-01. Skipping.
  Rate limited (429) on attempt 1/5. Waiting 2s ģ
  Rate limited (429) on attempt 2/5. Waiting 4s ģ
  Rate limited (429) on attempt 3/5. Waiting 8s ģ
  Rate limited (429) on attempt 4/5. Waiting 16s ģ
  Rate limited (429) on attempt 5/5. Waiting 32s ģ
  Max retries (5) exceeded for Kings on 2018-06-02. Skipping.
  Rate limited (429) on attempt 1/5. Waiting 2s ģ
  Rate limited (429) on attempt 2/5. Waiting 4s ģ
  Rate limited (429) on attempt 3/5. Waiting 8s ģ
  Rate limited (429) on attempt 4/5. Waiting 16s ģ
  Rate limited (429) on attempt 5/5. Waiting 32s ģ
  Max retries (5) exceeded for Kings on 2018-06-03. Skipping.
  Rate limited (429) on attempt 1/5. Waiting 2s ģ
  Rate limited (429) on attempt 2/5. Waiting 4s ģ
  Rate limited (429) on attempt 3/5. Waiting 8s ģ
  Rate limited (429) on attempt 4/5. Waiting 16s ģ
  Rate limited (429) on attempt 5/5. Waiting 32s ģ
  Max retries (5) exceeded for Kings on 2018-06-04. Skipping.
  Rate limited (429) on attempt 1/5. Waiting 2s ģ
  Rate limited (429) on attempt 2/5. Waiting 4s ģ
  Rate limited (429) on attempt 3/5. Waiting 8s ģ
  Rate limited (429) on attempt 4/5. Waiting 16s ģ
  Rate limited (429) on attempt 5/5. Waiting 32s ģ
  Max retries (5) exceeded for Kings on 2018-06-05. Skipping.
  Rate limited (429) on attempt 1/5. Waiting 2s ģ
  Rate limited (429) on attempt 2/5. Waiting 4s ģ
  Rate limited (429) on attempt 3/5. Waiting 8s ģ
  Rate limited (429) on attempt 4/5. Waiting 16s ģ
  Rate limited (429) on attempt 5/5. Waiting 32s ģ
  Max retries (5) exceeded for Kings on 2018-06-06. Skipping.
  Rate limited (429) on attempt 1/5. Waiting 2s ģ
  Rate limited (429) on attempt 2/5. Waiting 4s ģ
  Rate limited (429) on attempt 3/5. Waiting 8s ģ
  Rate limited (429) on attempt 4/5. Waiting 16s ģ
  Rate limited (429) on attempt 5/5. Waiting 32s ģ
  Max retries (5) exceeded for Kings on 2018-06-07. Skipping.
  Rate limited (429) on attempt 1/5. Waiting 2s ģ
  Rate limited (429) on attempt 2/5. Waiting 4s ģ
  Rate limited (429) on attempt 3/5. Waiting 8s ģ
  Rate limited (429) on attempt 4/5. Waiting 16s ģ
  Rate limited (429) on attempt 5/5. Waiting 32s ģ
  Max retries (5) exceeded for Kings on 2018-06-08. Skipping.
  Rate limited (429) on attempt 1/5. Waiting 2s ģ
  Rate limited (429) on attempt 2/5. Waiting 4s ģ
  Rate limited (429) on attempt 3/5. Waiting 8s ģ
  Rate limited (429) on attempt 4/5. Waiting 16s ģ
  Rate limited (429) on attempt 5/5. Waiting 32s ģ
  Max retries (5) exceeded for Kings on 2018-06-09. Skipping.
  Rate limited (429) on attempt 1/5. Waiting 2s ģ
  Rate limited (429) on attempt 2/5. Waiting 4s ģ
  Rate limited (429) on attempt 3/5. Waiting 8s ģ
  Rate limited (429) on attempt 4/5. Waiting 16s ģ
  Rate limited (429) on attempt 5/5. Waiting 32s ģ
  Max retries (5) exceeded for Kings on 2018-06-10. Skipping.
  Rate limited (429) on attempt 1/5. Waiting 2s ģ
  Rate limited (429) on attempt 2/5. Waiting 4s ģ
  Rate limited (429) on attempt 1/5. Waiting 2s ģ
  Rate limited (429) on attempt 2/5. Waiting 4s ģ
  Rate limited (429) on attempt 3/5. Waiting 8s ģ
  Rate limited (429) on attempt 4/5. Waiting 16s ģ
  Rate limited (429) on attempt 5/5. Waiting 32s ģ
  Max retries (5) exceeded for Kings on 2019-10-24. Skipping.
  Rate limited (429) on attempt 1/5. Waiting 2s ģ
  Rate limited (429) on attempt 2/5. Waiting 4s ģ
  Rate limited (429) on attempt 3/5. Waiting 8s ģ
  Rate limited (429) on attempt 4/5. Waiting 16s ģ
  Rate limited (429) on attempt 5/5. Waiting 32s ģ
  Max retries (5) exceeded for Kings on 2019-10-25. Skipping.
  Rate limited (429) on attempt 1/5. Waiting 2s ģ
  Rate limited (429) on attempt 2/5. Waiting 4s ģ
  Rate limited (429) on attempt 3/5. Waiting 8s ģ
  Rate limited (429) on attempt 4/5. Waiting 16s ģ
  Rate limited (429) on attempt 5/5. Waiting 32s ģ
  Max retries (5) exceeded for Kings on 2019-10-26. Skipping.
  Rate limited (429) on attempt 1/5. Waiting 2s ģ
  Rate limited (429) on attempt 2/5. Waiting 4s ģ
  Rate limited (429) on attempt 3/5. Waiting 8s ģ
  Rate limited (429) on attempt 4/5. Waiting 16s ģ
  Rate limited (429) on attempt 5/5. Waiting 32s ģ
  Max retries (5) exceeded for Kings on 2019-10-27. Skipping.
  Rate limited (429) on attempt 1/5. Waiting 2s ģ
  Rate limited (429) on attempt 2/5. Waiting 4s ģ
  Rate limited (429) on attempt 3/5. Waiting 8s ģ
  Rate limited (429) on attempt 4/5. Waiting 16s ģ
  Rate limited (429) on attempt 5/5. Waiting 32s ģ
  Max retries (5) exceeded for Kings on 2019-10-28. Skipping.
  Rate limited (429) on attempt 1/5. Waiting 2s ģ
  Rate limited (429) on attempt 2/5. Waiting 4s ģ
  Rate limited (429) on attempt 3/5. Waiting 8s ģ
  Rate limited (429) on attempt 4/5. Waiting 16s ģ
  Rate limited (429) on attempt 5/5. Waiting 32s ģ
  Max retries (5) exceeded for Kings on 2019-10-29. Skipping.
  Rate limited (429) on attempt 1/5. Waiting 2s ģ
  Rate limited (429) on attempt 2/5. Waiting 4s ģ
  Rate limited (429) on attempt 3/5. Waiting 8s ģ
  Rate limited (429) on attempt 4/5. Waiting 16s ģ
  Rate limited (429) on attempt 5/5. Waiting 32s ģ
  Max retries (5) exceeded for Kings on 2019-10-30. Skipping.
  Rate limited (429) on attempt 1/5. Waiting 2s ģ
  Rate limited (429) on attempt 2/5. Waiting 4s ģ
  Rate limited (429) on attempt 3/5. Waiting 8s ģ
  Rate limited (429) on attempt 4/5. Waiting 16s ģ
  Rate limited (429) on attempt 5/5. Waiting 32s ģ
  Max retries (5) exceeded for Kings on 2019-10-31. Skipping.
  Rate limited (429) on attempt 1/5. Waiting 2s ģ
  Rate limited (429) on attempt 2/5. Waiting 4s ģ
  Rate limited (429) on attempt 3/5. Waiting 8s ģ
  Rate limited (429) on attempt 4/5. Waiting 16s ģ
  Rate limited (429) on attempt 5/5. Waiting 32s ģ
  Max retries (5) exceeded for Kings on 2019-11-01. Skipping.
  Rate limited (429) on attempt 1/5. Waiting 2s ģ
  Rate limited (429) on attempt 2/5. Waiting 4s ģ
  Rate limited (429) on attempt 3/5. Waiting 8s ģ
  Rate limited (429) on attempt 4/5. Waiting 16s ģ
  Rate limited (429) on attempt 5/5. Waiting 32s ģ
  Max retries (5) exceeded for Kings on 2019-11-02. Skipping.
  Rate limited (429) on attempt 1/5. Waiting 2s ģ
  Rate limited (429) on attempt 2/5. Waiting 4s ģ
  Rate limited (429) on attempt 3/5. Waiting 8s ģ
  Rate limited (429) on attempt 4/5. Waiting 16s ģ
  Rate limited (429) on attempt 5/5. Waiting 32s ģ
  Max retries (5) exceeded for Kings on 2019-11-03. Skipping.
  Rate limited (429) on attempt 1/5. Waiting 2s ģ
  Rate limited (429) on attempt 2/5. Waiting 4s ģ
  Rate limited (429) on attempt 3/5. Waiting 8s ģ
  Rate limited (429) on attempt 4/5. Waiting 16s ģ
  Rate limited (429) on attempt 5/5. Waiting 32s ģ
  Max retries (5) exceeded for Kings on 2019-11-04. Skipping.
  Rate limited (429) on attempt 1/5. Waiting 2s ģ
  Rate limited (429) on attempt 2/5. Waiting 4s ģ
  Rate limited (429) on attempt 3/5. Waiting 8s ģ
  Rate limited (429) on attempt 4/5. Waiting 16s ģ
  Rate limited (429) on attempt 5/5. Waiting 32s ģ
  Max retries (5) exceeded for Kings on 2019-11-05. Skipping.
  Rate limited (429) on attempt 1/5. Waiting 2s ģ
  Rate limited (429) on attempt 2/5. Waiting 4s ģ
  Rate limited (429) on attempt 3/5. Waiting 8s ģ
  Rate limited (429) on attempt 4/5. Waiting 16s ģ
  Rate limited (429) on attempt 5/5. Waiting 32s ģ
  Max retries (5) exceeded for Kings on 2019-11-06. Skipping.
  Rate limited (429) on attempt 1/5. Waiting 2s ģ
  Rate limited (429) on attempt 2/5. Waiting 4s ģ
  Rate limited (429) on attempt 3/5. Waiting 8s ģ
  Rate limited (429) on attempt 4/5. Waiting 16s ģ
  Rate limited (429) on attempt 5/5. Waiting 32s ģ
  Max retries (5) exceeded for Kings on 2019-11-07. Skipping.
  Rate limited (429) on attempt 1/5. Waiting 2s ģ
  Rate limited (429) on attempt 2/5. Waiting 4s ģ
  Rate limited (429) on attempt 3/5. Waiting 8s ģ
  Rate limited (429) on attempt 4/5. Waiting 16s ģ
  Rate limited (429) on attempt 5/5. Waiting 32s ģ
  Max retries (5) exceeded for Kings on 2019-11-08. Skipping.
  Rate limited (429) on attempt 1/5. Waiting 2s ģ
  Rate limited (429) on attempt 2/5. Waiting 4s ģ
  Rate limited (429) on attempt 3/5. Waiting 8s ģ
  Rate limited (429) on attempt 4/5. Waiting 16s ģ
  Rate limited (429) on attempt 5/5. Waiting 32s ģ
  Max retries (5) exceeded for Kings on 2019-11-09. Skipping.
  Rate limited (429) on attempt 1/5. Waiting 2s ģ
  Rate limited (429) on attempt 2/5. Waiting 4s ģ
  Rate limited (429) on attempt 3/5. Waiting 8s ģ
  Rate limited (429) on attempt 4/5. Waiting 16s ģ
  Rate limited (429) on attempt 5/5. Waiting 32s ģ
  Max retries (5) exceeded for Kings on 2019-11-10. Skipping.
  Rate limited (429) on attempt 1/5. Waiting 2s ģ
  Rate limited (429) on attempt 2/5. Waiting 4s ģ
  Rate limited (429) on attempt 3/5. Waiting 8s ģ
Request failed for Kings on 2019-11-11: 502 Server Error: Bad Gateway for url: https://www.airnowapi.org/aq/data/?startDate=2019-11-11T00&endDate=2019-11-11T23&parameters=PM25&BBOX=-118.08910375060812%2C35.8788595174648%2C-116.08910375060812%2C37.8788595174648&dataType=B&format=application%2Fjson&verbose=1&monitorType=0&includerawconcentrations=1&API_KEY=8DA566C7-96F1-4380-BB24-15EE61D70B9F
  Rate limited (429) on attempt 1/5. Waiting 2s ģ
  Rate limited (429) on attempt 2/5. Waiting 4s ģ
  Rate limited (429) on attempt 3/5. Waiting 8s ģ
  Rate limited (429) on attempt 4/5. Waiting 16s ģ
Request failed for Kings on 2019-11-12: HTTPSConnectionPool(host='www.airnowapi.org', port=443): Read timed out. (read timeout=60)
  Rate limited (429) on attempt 1/5. Waiting 2s ģ
  Rate limited (429) on attempt 2/5. Waiting 4s ģ
  Rate limited (429) on attempt 3/5. Waiting 8s ģ
  Rate limited (429) on attempt 4/5. Waiting 16s ģ
  Rate limited (429) on attempt 5/5. Waiting 32s ģ
  Max retries (5) exceeded for Kings on 2021-03-26. Skipping.
  Rate limited (429) on attempt 1/5. Waiting 2s ģ
  Rate limited (429) on attempt 2/5. Waiting 4s ģ
  Rate limited (429) on attempt 3/5. Waiting 8s ģ
  Rate limited (429) on attempt 4/5. Waiting 16s ģ
  Rate limited (429) on attempt 5/5. Waiting 32s ģ
  Max retries (5) exceeded for Kings on 2021-03-27. Skipping.
  Rate limited (429) on attempt 1/5. Waiting 2s ģ
  Rate limited (429) on attempt 2/5. Waiting 4s ģ
  Rate limited (429) on attempt 3/5. Waiting 8s ģ
  Rate limited (429) on attempt 4/5. Waiting 16s ģ
  Rate limited (429) on attempt 5/5. Waiting 32s ģ
  Max retries (5) exceeded for Kings on 2021-03-28. Skipping.
  Rate limited (429) on attempt 1/5. Waiting 2s ģ
  Rate limited (429) on attempt 2/5. Waiting 4s ģ
  Rate limited (429) on attempt 3/5. Waiting 8s ģ
  Rate limited (429) on attempt 4/5. Waiting 16s ģ
  Rate limited (429) on attempt 5/5. Waiting 32s ģ
  Max retries (5) exceeded for Kings on 2021-03-29. Skipping.
  Rate limited (429) on attempt 1/5. Waiting 2s ģ
  Rate limited (429) on attempt 2/5. Waiting 4s ģ
  Rate limited (429) on attempt 3/5. Waiting 8s ģ
  Rate limited (429) on attempt 4/5. Waiting 16s ģ
  Rate limited (429) on attempt 5/5. Waiting 32s ģ
  Max retries (5) exceeded for Kings on 2021-03-30. Skipping.
  Rate limited (429) on attempt 1/5. Waiting 2s ģ
  Rate limited (429) on attempt 2/5. Waiting 4s ģ
  Rate limited (429) on attempt 3/5. Waiting 8s ģ
  Rate limited (429) on attempt 4/5. Waiting 16s ģ
  Rate limited (429) on attempt 5/5. Waiting 32s ģ
  Max retries (5) exceeded for Kings on 2021-03-31. Skipping.
  Rate limited (429) on attempt 1/5. Waiting 2s ģ
  Rate limited (429) on attempt 2/5. Waiting 4s ģ
  Rate limited (429) on attempt 3/5. Waiting 8s ģ
  Rate limited (429) on attempt 4/5. Waiting 16s ģ
  Rate limited (429) on attempt 5/5. Waiting 32s ģ
  Max retries (5) exceeded for Kings on 2021-04-01. Skipping.
  Rate limited (429) on attempt 1/5. Waiting 2s ģ
  Rate limited (429) on attempt 2/5. Waiting 4s ģ
  Rate limited (429) on attempt 3/5. Waiting 8s ģ
  Rate limited (429) on attempt 4/5. Waiting 16s ģ
  Rate limited (429) on attempt 5/5. Waiting 32s ģ
  Max retries (5) exceeded for Kings on 2021-04-02. Skipping.
  Rate limited (429) on attempt 1/5. Waiting 2s ģ
  Rate limited (429) on attempt 2/5. Waiting 4s ģ
  Rate limited (429) on attempt 3/5. Waiting 8s ģ
  Rate limited (429) on attempt 4/5. Waiting 16s ģ
  Rate limited (429) on attempt 5/5. Waiting 32s ģ
  Max retries (5) exceeded for Kings on 2021-04-03. Skipping.
  Rate limited (429) on attempt 1/5. Waiting 2s ģ
  Rate limited (429) on attempt 2/5. Waiting 4s ģ
  Rate limited (429) on attempt 3/5. Waiting 8s ģ
  Rate limited (429) on attempt 4/5. Waiting 16s ģ
  Rate limited (429) on attempt 5/5. Waiting 32s ģ
  Max retries (5) exceeded for Kings on 2021-04-04. Skipping.
  Rate limited (429) on attempt 1/5. Waiting 2s ģ
  Rate limited (429) on attempt 2/5. Waiting 4s ģ
  Rate limited (429) on attempt 3/5. Waiting 8s ģ
  Rate limited (429) on attempt 4/5. Waiting 16s ģ
  Rate limited (429) on attempt 5/5. Waiting 32s ģ
  Max retries (5) exceeded for Kings on 2021-04-05. Skipping.
  Rate limited (429) on attempt 1/5. Waiting 2s ģ
  Rate limited (429) on attempt 2/5. Waiting 4s ģ
  Rate limited (429) on attempt 3/5. Waiting 8s ģ
  Rate limited (429) on attempt 4/5. Waiting 16s ģ
  Rate limited (429) on attempt 5/5. Waiting 32s ģ
  Max retries (5) exceeded for Kings on 2021-04-06. Skipping.
  Rate limited (429) on attempt 1/5. Waiting 2s ģ
  Rate limited (429) on attempt 2/5. Waiting 4s ģ
  Rate limited (429) on attempt 3/5. Waiting 8s ģ
  Rate limited (429) on attempt 4/5. Waiting 16s ģ
  Rate limited (429) on attempt 5/5. Waiting 32s ģ
  Max retries (5) exceeded for Kings on 2021-04-07. Skipping.
  Rate limited (429) on attempt 1/5. Waiting 2s ģ
  Rate limited (429) on attempt 2/5. Waiting 4s ģ
  Rate limited (429) on attempt 3/5. Waiting 8s ģ
  Rate limited (429) on attempt 4/5. Waiting 16s ģ
  Rate limited (429) on attempt 5/5. Waiting 32s ģ
  Max retries (5) exceeded for Kings on 2021-04-08. Skipping.
  Rate limited (429) on attempt 1/5. Waiting 2s ģ
  Rate limited (429) on attempt 2/5. Waiting 4s ģ
  Rate limited (429) on attempt 3/5. Waiting 8s ģ
  Rate limited (429) on attempt 4/5. Waiting 16s ģ
  Rate limited (429) on attempt 5/5. Waiting 32s ģ
  Max retries (5) exceeded for Kings on 2021-04-09. Skipping.
  Rate limited (429) on attempt 1/5. Waiting 2s ģ
  Rate limited (429) on attempt 2/5. Waiting 4s ģ
  Rate limited (429) on attempt 3/5. Waiting 8s ģ
  Rate limited (429) on attempt 4/5. Waiting 16s ģ
  Rate limited (429) on attempt 5/5. Waiting 32s ģ
  Max retries (5) exceeded for Kings on 2021-04-10. Skipping.
  Rate limited (429) on attempt 1/5. Waiting 2s ģ
  Rate limited (429) on attempt 2/5. Waiting 4s ģ
  Rate limited (429) on attempt 3/5. Waiting 8s ģ
  Rate limited (429) on attempt 4/5. Waiting 16s ģ
  Rate limited (429) on attempt 5/5. Waiting 32s ģ
  Max retries (5) exceeded for Kings on 2021-04-11. Skipping.
  Rate limited (429) on attempt 1/5. Waiting 2s ģ
  Rate limited (429) on attempt 2/5. Waiting 4s ģ
  Rate limited (429) on attempt 3/5. Waiting 8s ģ
  Rate limited (429) on attempt 4/5. Waiting 16s ģ
  Rate limited (429) on attempt 5/5. Waiting 32s ģ
  Max retries (5) exceeded for Kings on 2021-04-12. Skipping.
  Rate limited (429) on attempt 1/5. Waiting 2s ģ
  Rate limited (429) on attempt 2/5. Waiting 4s ģ
  Rate limited (429) on attempt 3/5. Waiting 8s ģ
  Rate limited (429) on attempt 4/5. Waiting 16s ģ
  Rate limited (429) on attempt 5/5. Waiting 32s ģ
  Max retries (5) exceeded for Kings on 2021-04-13. Skipping.
  Rate limited (429) on attempt 1/5. Waiting 2s ģ
  Rate limited (429) on attempt 2/5. Waiting 4s ģ
  Rate limited (429) on attempt 3/5. Waiting 8s ģ
  Rate limited (429) on attempt 4/5. Waiting 16s ģ
  Rate limited (429) on attempt 5/5. Waiting 32s ģ
  Max retries (5) exceeded for Kings on 2021-04-14. Skipping.
  Rate limited (429) on attempt 1/5. Waiting 2s ģ
  Rate limited (429) on attempt 2/5. Waiting 4s ģ
  Rate limited (429) on attempt 3/5. Waiting 8s ģ
  Rate limited (429) on attempt 1/5. Waiting 2s ģ
  Rate limited (429) on attempt 2/5. Waiting 4s ģ
  Rate limited (429) on attempt 3/5. Waiting 8s ģ
  Rate limited (429) on attempt 4/5. Waiting 16s ģ
  Rate limited (429) on attempt 5/5. Waiting 32s ģ
  Max retries (5) exceeded for Kings on 2022-08-28. Skipping.
  Rate limited (429) on attempt 1/5. Waiting 2s ģ
  Rate limited (429) on attempt 2/5. Waiting 4s ģ
  Rate limited (429) on attempt 3/5. Waiting 8s ģ
  Rate limited (429) on attempt 4/5. Waiting 16s ģ
  Rate limited (429) on attempt 5/5. Waiting 32s ģ
  Max retries (5) exceeded for Kings on 2022-08-29. Skipping.
  Rate limited (429) on attempt 1/5. Waiting 2s ģ
  Rate limited (429) on attempt 2/5. Waiting 4s ģ
  Rate limited (429) on attempt 3/5. Waiting 8s ģ
  Rate limited (429) on attempt 4/5. Waiting 16s ģ
  Rate limited (429) on attempt 5/5. Waiting 32s ģ
  Max retries (5) exceeded for Kings on 2022-08-30. Skipping.
  Rate limited (429) on attempt 1/5. Waiting 2s ģ
  Rate limited (429) on attempt 2/5. Waiting 4s ģ
  Rate limited (429) on attempt 3/5. Waiting 8s ģ
  Rate limited (429) on attempt 4/5. Waiting 16s ģ
  Rate limited (429) on attempt 5/5. Waiting 32s ģ
  Max retries (5) exceeded for Kings on 2022-08-31. Skipping.
  Rate limited (429) on attempt 1/5. Waiting 2s ģ
  Rate limited (429) on attempt 2/5. Waiting 4s ģ
  Rate limited (429) on attempt 3/5. Waiting 8s ģ
  Rate limited (429) on attempt 4/5. Waiting 16s ģ
  Rate limited (429) on attempt 5/5. Waiting 32s ģ
  Max retries (5) exceeded for Kings on 2022-09-01. Skipping.
  Rate limited (429) on attempt 1/5. Waiting 2s ģ
  Rate limited (429) on attempt 2/5. Waiting 4s ģ
  Rate limited (429) on attempt 3/5. Waiting 8s ģ
  Rate limited (429) on attempt 4/5. Waiting 16s ģ
  Rate limited (429) on attempt 5/5. Waiting 32s ģ
  Max retries (5) exceeded for Kings on 2022-09-02. Skipping.
  Rate limited (429) on attempt 1/5. Waiting 2s ģ
  Rate limited (429) on attempt 2/5. Waiting 4s ģ
  Rate limited (429) on attempt 3/5. Waiting 8s ģ
  Rate limited (429) on attempt 4/5. Waiting 16s ģ
  Rate limited (429) on attempt 5/5. Waiting 32s ģ
  Max retries (5) exceeded for Kings on 2022-09-03. Skipping.
  Rate limited (429) on attempt 1/5. Waiting 2s ģ
  Rate limited (429) on attempt 2/5. Waiting 4s ģ
  Rate limited (429) on attempt 3/5. Waiting 8s ģ
  Rate limited (429) on attempt 4/5. Waiting 16s ģ
  Rate limited (429) on attempt 5/5. Waiting 32s ģ
  Max retries (5) exceeded for Kings on 2022-09-04. Skipping.
  Rate limited (429) on attempt 1/5. Waiting 2s ģ
  Rate limited (429) on attempt 2/5. Waiting 4s ģ
  Rate limited (429) on attempt 3/5. Waiting 8s ģ
  Rate limited (429) on attempt 4/5. Waiting 16s ģ
  Rate limited (429) on attempt 5/5. Waiting 32s ģ
  Max retries (5) exceeded for Kings on 2022-09-05. Skipping.
  Rate limited (429) on attempt 1/5. Waiting 2s ģ
  Rate limited (429) on attempt 2/5. Waiting 4s ģ
  Rate limited (429) on attempt 3/5. Waiting 8s ģ
  Rate limited (429) on attempt 4/5. Waiting 16s ģ
  Rate limited (429) on attempt 5/5. Waiting 32s ģ
  Max retries (5) exceeded for Kings on 2022-09-06. Skipping.
  Rate limited (429) on attempt 1/5. Waiting 2s ģ
  Rate limited (429) on attempt 2/5. Waiting 4s ģ
  Rate limited (429) on attempt 3/5. Waiting 8s ģ
  Rate limited (429) on attempt 4/5. Waiting 16s ģ
  Rate limited (429) on attempt 5/5. Waiting 32s ģ
  Max retries (5) exceeded for Kings on 2022-09-07. Skipping.
  Rate limited (429) on attempt 1/5. Waiting 2s ģ
  Rate limited (429) on attempt 2/5. Waiting 4s ģ
  Rate limited (429) on attempt 3/5. Waiting 8s ģ
  Rate limited (429) on attempt 4/5. Waiting 16s ģ
  Rate limited (429) on attempt 5/5. Waiting 32s ģ
  Max retries (5) exceeded for Kings on 2022-09-08. Skipping.
  Rate limited (429) on attempt 1/5. Waiting 2s ģ
  Rate limited (429) on attempt 2/5. Waiting 4s ģ
  Rate limited (429) on attempt 3/5. Waiting 8s ģ
  Rate limited (429) on attempt 4/5. Waiting 16s ģ
  Rate limited (429) on attempt 5/5. Waiting 32s ģ
  Max retries (5) exceeded for Kings on 2022-09-09. Skipping.
  Rate limited (429) on attempt 1/5. Waiting 2s ģ
  Rate limited (429) on attempt 2/5. Waiting 4s ģ
  Rate limited (429) on attempt 3/5. Waiting 8s ģ
  Rate limited (429) on attempt 4/5. Waiting 16s ģ
  Rate limited (429) on attempt 5/5. Waiting 32s ģ
  Max retries (5) exceeded for Kings on 2022-09-10. Skipping.
  Rate limited (429) on attempt 1/5. Waiting 2s ģ
  Rate limited (429) on attempt 2/5. Waiting 4s ģ
  Rate limited (429) on attempt 3/5. Waiting 8s ģ
  Rate limited (429) on attempt 4/5. Waiting 16s ģ
  Rate limited (429) on attempt 5/5. Waiting 32s ģ
  Max retries (5) exceeded for Kings on 2022-09-11. Skipping.
  Rate limited (429) on attempt 1/5. Waiting 2s ģ
  Rate limited (429) on attempt 2/5. Waiting 4s ģ
  Rate limited (429) on attempt 3/5. Waiting 8s ģ
  Rate limited (429) on attempt 4/5. Waiting 16s ģ
  Rate limited (429) on attempt 5/5. Waiting 32s ģ
  Max retries (5) exceeded for Kings on 2022-09-12. Skipping.
Request failed for Kings on 2023-01-25: HTTPSConnectionPool(host='www.airnowapi.org', port=443): Read timed out. (read timeout=60)
Request failed for Kings on 2023-01-28: HTTPSConnectionPool(host='www.airnowapi.org', port=443): Read timed out. (read timeout=60)
Request failed for Kings on 2023-01-29: HTTPSConnectionPool(host='www.airnowapi.org', port=443): Read timed out. (read timeout=60)
Request failed for Kings on 2023-01-30: HTTPSConnectionPool(host='www.airnowapi.org', port=443): Read timed out. (read timeout=60)
Request failed for Kings on 2023-01-31: HTTPSConnectionPool(host='www.airnowapi.org', port=443): Read timed out. (read timeout=60)
Request failed for Kings on 2023-02-01: 504 Server Error: Gateway Time-out for url: https://www.airnowapi.org/aq/data/?startDate=2023-02-01T00&endDate=2023-02-01T23&parameters=PM25&BBOX=-118.08910375060812%2C35.8788595174648%2C-116.08910375060812%2C37.8788595174648&dataType=B&format=application%2Fjson&verbose=1&monitorType=0&includerawconcentrations=1&API_KEY=8DA566C7-96F1-4380-BB24-15EE61D70B9F
Request failed for Kings on 2023-02-02: 504 Server Error: Gateway Time-out for url: https://www.airnowapi.org/aq/data/?startDate=2023-02-02T00&endDate=2023-02-02T23&parameters=PM25&BBOX=-118.08910375060812%2C35.8788595174648%2C-116.08910375060812%2C37.8788595174648&dataType=B&format=application%2Fjson&verbose=1&monitorType=0&includerawconcentrations=1&API_KEY=8DA566C7-96F1-4380-BB24-15EE61D70B9F
Request failed for Kings on 2023-02-03: HTTPSConnectionPool(host='www.airnowapi.org', port=443): Read timed out. (read timeout=60)
  Rate limited (429) on attempt 1/5. Waiting 2s ģ
  Rate limited (429) on attempt 2/5. Waiting 4s ģ
  Rate limited (429) on attempt 3/5. Waiting 8s ģ
  Rate limited (429) on attempt 4/5. Waiting 16s ģ
  Rate limited (429) on attempt 5/5. Waiting 32s ģ
  Max retries (5) exceeded for Kings on 2024-01-28. Skipping.
  Rate limited (429) on attempt 1/5. Waiting 2s ģ
  Rate limited (429) on attempt 2/5. Waiting 4s ģ
  Rate limited (429) on attempt 3/5. Waiting 8s ģ
  Rate limited (429) on attempt 4/5. Waiting 16s ģ
  Rate limited (429) on attempt 5/5. Waiting 32s ģ
  Max retries (5) exceeded for Kings on 2024-01-29. Skipping.
  Rate limited (429) on attempt 1/5. Waiting 2s ģ
  Rate limited (429) on attempt 2/5. Waiting 4s ģ
  Rate limited (429) on attempt 3/5. Waiting 8s ģ
  Rate limited (429) on attempt 4/5. Waiting 16s ģ
  Rate limited (429) on attempt 5/5. Waiting 32s ģ
  Max retries (5) exceeded for Kings on 2024-01-30. Skipping.
  Rate limited (429) on attempt 1/5. Waiting 2s ģ
  Rate limited (429) on attempt 2/5. Waiting 4s ģ
  Rate limited (429) on attempt 3/5. Waiting 8s ģ
  Rate limited (429) on attempt 4/5. Waiting 16s ģ
  Rate limited (429) on attempt 5/5. Waiting 32s ģ
  Max retries (5) exceeded for Kings on 2024-01-31. Skipping.
  Rate limited (429) on attempt 1/5. Waiting 2s ģ
  Rate limited (429) on attempt 2/5. Waiting 4s ģ
  Rate limited (429) on attempt 3/5. Waiting 8s ģ
  Rate limited (429) on attempt 4/5. Waiting 16s ģ
  Rate limited (429) on attempt 5/5. Waiting 32s ģ
  Max retries (5) exceeded for Kings on 2024-02-01. Skipping.
  Rate limited (429) on attempt 1/5. Waiting 2s ģ
  Rate limited (429) on attempt 2/5. Waiting 4s ģ
  Rate limited (429) on attempt 3/5. Waiting 8s ģ
  Rate limited (429) on attempt 4/5. Waiting 16s ģ
  Rate limited (429) on attempt 5/5. Waiting 32s ģ
  Max retries (5) exceeded for Kings on 2024-02-02. Skipping.
  Rate limited (429) on attempt 1/5. Waiting 2s ģ
  Rate limited (429) on attempt 2/5. Waiting 4s ģ
  Rate limited (429) on attempt 3/5. Waiting 8s ģ
  Rate limited (429) on attempt 4/5. Waiting 16s ģ
  Rate limited (429) on attempt 5/5. Waiting 32s ģ
  Max retries (5) exceeded for Kings on 2024-02-03. Skipping.
  Rate limited (429) on attempt 1/5. Waiting 2s ģ
  Rate limited (429) on attempt 2/5. Waiting 4s ģ
  Rate limited (429) on attempt 3/5. Waiting 8s ģ
  Rate limited (429) on attempt 4/5. Waiting 16s ģ
  Rate limited (429) on attempt 5/5. Waiting 32s ģ
  Max retries (5) exceeded for Kings on 2024-02-04. Skipping.
  Rate limited (429) on attempt 1/5. Waiting 2s ģ
  Rate limited (429) on attempt 2/5. Waiting 4s ģ
  Rate limited (429) on attempt 3/5. Waiting 8s ģ
  Rate limited (429) on attempt 4/5. Waiting 16s ģ
  Rate limited (429) on attempt 5/5. Waiting 32s ģ
  Max retries (5) exceeded for Kings on 2024-02-05. Skipping.
  Rate limited (429) on attempt 1/5. Waiting 2s ģ
  Rate limited (429) on attempt 2/5. Waiting 4s ģ
  Rate limited (429) on attempt 3/5. Waiting 8s ģ
  Rate limited (429) on attempt 4/5. Waiting 16s ģ
  Rate limited (429) on attempt 5/5. Waiting 32s ģ
  Max retries (5) exceeded for Kings on 2024-02-06. Skipping.
  Rate limited (429) on attempt 1/5. Waiting 2s ģ
  Rate limited (429) on attempt 2/5. Waiting 4s ģ
  Rate limited (429) on attempt 3/5. Waiting 8s ģ
  Rate limited (429) on attempt 4/5. Waiting 16s ģ
  Rate limited (429) on attempt 5/5. Waiting 32s ģ
  Max retries (5) exceeded for Kings on 2024-02-07. Skipping.
  Rate limited (429) on attempt 1/5. Waiting 2s ģ
  Rate limited (429) on attempt 2/5. Waiting 4s ģ
  Rate limited (429) on attempt 3/5. Waiting 8s ģ
  Rate limited (429) on attempt 4/5. Waiting 16s ģ
  Rate limited (429) on attempt 5/5. Waiting 32s ģ
  Max retries (5) exceeded for Kings on 2024-02-08. Skipping.
  Rate limited (429) on attempt 1/5. Waiting 2s ģ
  Rate limited (429) on attempt 2/5. Waiting 4s ģ
  Rate limited (429) on attempt 3/5. Waiting 8s ģ
  Rate limited (429) on attempt 4/5. Waiting 16s ģ
Appended 86169 new records to 776393 existing records.
Wrote raw AirNow records: C:\Users\rudyk\Downloads\PredictionAP\PredictionAP\data\raw\air\airnow_records_raw.csv
Wrote county daily air data: C:\Users\rudyk\Downloads\PredictionAP\PredictionAP\data\processed\air\county_air_daily.csv
Daily rows: 16793

Centroids file restored.

All three counties fetched. Run the pipeline next:
  python src/data/merge_datasets.py
  python src/features/build_features.py
  python src/models/train_models.py
  python scripts/visualize/run_all_visualizations.py
  python scripts/diagnostics.py
